{"C:\\Users\\chokd\\Documents\\P3\\wonderbook pour aws\\WonderBook\\eslint.config.mjs": {"path":"C:\\Users\\chokd\\Documents\\P3\\wonderbook pour aws\\WonderBook\\eslint.config.mjs","all":true,"statementMap":{"0":{"start":{"line":1,"column":0},"end":{"line":1,"column":30}},"1":{"start":{"line":2,"column":0},"end":{"line":2,"column":34}},"2":{"start":{"line":3,"column":0},"end":{"line":3,"column":41}},"3":{"start":{"line":4,"column":0},"end":{"line":4,"column":46}},"4":{"start":{"line":5,"column":0},"end":{"line":5,"column":0}},"5":{"start":{"line":6,"column":0},"end":{"line":6,"column":51}},"6":{"start":{"line":7,"column":0},"end":{"line":7,"column":16}},"7":{"start":{"line":8,"column":0},"end":{"line":8,"column":3}},"8":{"start":{"line":9,"column":0},"end":{"line":9,"column":44}},"9":{"start":{"line":10,"column":0},"end":{"line":10,"column":22}},"10":{"start":{"line":11,"column":0},"end":{"line":11,"column":31}},"11":{"start":{"line":12,"column":0},"end":{"line":12,"column":6}},"12":{"start":{"line":13,"column":0},"end":{"line":13,"column":4}},"13":{"start":{"line":14,"column":0},"end":{"line":14,"column":31}},"14":{"start":{"line":15,"column":0},"end":{"line":15,"column":34}},"15":{"start":{"line":16,"column":0},"end":{"line":16,"column":39}},"16":{"start":{"line":17,"column":0},"end":{"line":17,"column":3}},"17":{"start":{"line":18,"column":0},"end":{"line":18,"column":15}},"18":{"start":{"line":19,"column":0},"end":{"line":19,"column":14}},"19":{"start":{"line":20,"column":0},"end":{"line":20,"column":24}},"20":{"start":{"line":21,"column":0},"end":{"line":21,"column":8}},"21":{"start":{"line":22,"column":0},"end":{"line":22,"column":6}},"22":{"start":{"line":23,"column":0},"end":{"line":23,"column":12}},"23":{"start":{"line":24,"column":0},"end":{"line":24,"column":40}},"24":{"start":{"line":25,"column":0},"end":{"line":25,"column":32}},"25":{"start":{"line":26,"column":0},"end":{"line":26,"column":6}},"26":{"start":{"line":27,"column":0},"end":{"line":27,"column":4}},"27":{"start":{"line":28,"column":0},"end":{"line":28,"column":2}}},"s":{"0":0,"1":0,"2":0,"3":0,"4":0,"5":0,"6":0,"7":0,"8":0,"9":0,"10":0,"11":0,"12":0,"13":0,"14":0,"15":0,"16":0,"17":0,"18":0,"19":0,"20":0,"21":0,"22":0,"23":0,"24":0,"25":0,"26":0,"27":0},"branchMap":{"0":{"type":"branch","line":1,"loc":{"start":{"line":1,"column":0},"end":{"line":28,"column":2}},"locations":[{"start":{"line":1,"column":0},"end":{"line":28,"column":2}}]}},"b":{"0":[0]},"fnMap":{"0":{"name":"(empty-report)","decl":{"start":{"line":1,"column":0},"end":{"line":28,"column":2}},"loc":{"start":{"line":1,"column":0},"end":{"line":28,"column":2}},"line":1}},"f":{"0":0}}
,"C:\\Users\\chokd\\Documents\\P3\\wonderbook pour aws\\WonderBook\\src\\App.jsx": {"path":"C:\\Users\\chokd\\Documents\\P3\\wonderbook pour aws\\WonderBook\\src\\App.jsx","all":true,"statementMap":{"0":{"start":{"line":1,"column":0},"end":{"line":1,"column":49}},"1":{"start":{"line":2,"column":0},"end":{"line":2,"column":64}},"2":{"start":{"line":3,"column":0},"end":{"line":3,"column":44}},"3":{"start":{"line":4,"column":0},"end":{"line":4,"column":47}},"4":{"start":{"line":5,"column":0},"end":{"line":5,"column":55}},"5":{"start":{"line":6,"column":0},"end":{"line":6,"column":0}},"6":{"start":{"line":7,"column":0},"end":{"line":7,"column":65}},"7":{"start":{"line":8,"column":0},"end":{"line":8,"column":37}},"8":{"start":{"line":9,"column":0},"end":{"line":9,"column":0}},"9":{"start":{"line":10,"column":0},"end":{"line":10,"column":57}},"10":{"start":{"line":11,"column":0},"end":{"line":11,"column":53}},"11":{"start":{"line":12,"column":0},"end":{"line":12,"column":56}},"12":{"start":{"line":13,"column":0},"end":{"line":13,"column":62}},"13":{"start":{"line":14,"column":0},"end":{"line":14,"column":71}},"14":{"start":{"line":15,"column":0},"end":{"line":15,"column":69}},"15":{"start":{"line":16,"column":0},"end":{"line":16,"column":56}},"16":{"start":{"line":17,"column":0},"end":{"line":17,"column":76}},"17":{"start":{"line":18,"column":0},"end":{"line":18,"column":65}},"18":{"start":{"line":19,"column":0},"end":{"line":19,"column":36}},"19":{"start":{"line":20,"column":0},"end":{"line":20,"column":71}},"20":{"start":{"line":21,"column":0},"end":{"line":21,"column":2}},"21":{"start":{"line":22,"column":0},"end":{"line":22,"column":0}},"22":{"start":{"line":23,"column":0},"end":{"line":23,"column":53}},"23":{"start":{"line":24,"column":0},"end":{"line":24,"column":76}},"24":{"start":{"line":25,"column":0},"end":{"line":25,"column":0}},"25":{"start":{"line":26,"column":0},"end":{"line":26,"column":35}},"26":{"start":{"line":27,"column":0},"end":{"line":27,"column":60}},"27":{"start":{"line":28,"column":0},"end":{"line":28,"column":6}},"28":{"start":{"line":29,"column":0},"end":{"line":29,"column":33}},"29":{"start":{"line":30,"column":0},"end":{"line":30,"column":12}},"30":{"start":{"line":31,"column":0},"end":{"line":31,"column":22}},"31":{"start":{"line":32,"column":0},"end":{"line":32,"column":31}},"32":{"start":{"line":33,"column":0},"end":{"line":33,"column":27}},"33":{"start":{"line":34,"column":0},"end":{"line":34,"column":25}},"34":{"start":{"line":35,"column":0},"end":{"line":35,"column":22}},"35":{"start":{"line":36,"column":0},"end":{"line":36,"column":7}},"36":{"start":{"line":37,"column":0},"end":{"line":37,"column":8}},"37":{"start":{"line":38,"column":0},"end":{"line":38,"column":34}},"38":{"start":{"line":39,"column":0},"end":{"line":39,"column":14}},"39":{"start":{"line":40,"column":0},"end":{"line":40,"column":22}},"40":{"start":{"line":41,"column":0},"end":{"line":41,"column":26}},"41":{"start":{"line":42,"column":0},"end":{"line":42,"column":23}},"42":{"start":{"line":43,"column":0},"end":{"line":43,"column":84}},"43":{"start":{"line":44,"column":0},"end":{"line":44,"column":36}},"44":{"start":{"line":45,"column":0},"end":{"line":45,"column":43}},"45":{"start":{"line":46,"column":0},"end":{"line":46,"column":28}},"46":{"start":{"line":47,"column":0},"end":{"line":47,"column":9}},"47":{"start":{"line":48,"column":0},"end":{"line":48,"column":11}},"48":{"start":{"line":49,"column":0},"end":{"line":49,"column":16}},"49":{"start":{"line":50,"column":0},"end":{"line":50,"column":27}},"50":{"start":{"line":51,"column":0},"end":{"line":51,"column":30}},"51":{"start":{"line":52,"column":0},"end":{"line":52,"column":29}},"52":{"start":{"line":53,"column":0},"end":{"line":53,"column":27}},"53":{"start":{"line":54,"column":0},"end":{"line":54,"column":24}},"54":{"start":{"line":55,"column":0},"end":{"line":55,"column":11}},"55":{"start":{"line":56,"column":0},"end":{"line":56,"column":17}},"56":{"start":{"line":57,"column":0},"end":{"line":57,"column":13}},"57":{"start":{"line":58,"column":0},"end":{"line":58,"column":10}},"58":{"start":{"line":59,"column":0},"end":{"line":59,"column":8}},"59":{"start":{"line":60,"column":0},"end":{"line":60,"column":2}},"60":{"start":{"line":61,"column":0},"end":{"line":61,"column":0}},"61":{"start":{"line":62,"column":0},"end":{"line":62,"column":16}},"62":{"start":{"line":63,"column":0},"end":{"line":63,"column":41}},"63":{"start":{"line":64,"column":0},"end":{"line":64,"column":67}},"64":{"start":{"line":65,"column":0},"end":{"line":65,"column":57}},"65":{"start":{"line":66,"column":0},"end":{"line":66,"column":62}},"66":{"start":{"line":67,"column":0},"end":{"line":67,"column":0}},"67":{"start":{"line":68,"column":0},"end":{"line":68,"column":10}},"68":{"start":{"line":69,"column":0},"end":{"line":69,"column":20}},"69":{"start":{"line":70,"column":0},"end":{"line":70,"column":21}},"70":{"start":{"line":71,"column":0},"end":{"line":71,"column":16}},"71":{"start":{"line":72,"column":0},"end":{"line":72,"column":16}},"72":{"start":{"line":73,"column":0},"end":{"line":73,"column":21}},"73":{"start":{"line":74,"column":0},"end":{"line":74,"column":24}},"74":{"start":{"line":75,"column":0},"end":{"line":75,"column":27}},"75":{"start":{"line":76,"column":0},"end":{"line":76,"column":33}},"76":{"start":{"line":77,"column":0},"end":{"line":77,"column":55}},"77":{"start":{"line":78,"column":0},"end":{"line":78,"column":43}},"78":{"start":{"line":79,"column":0},"end":{"line":79,"column":56}},"79":{"start":{"line":80,"column":0},"end":{"line":80,"column":44}},"80":{"start":{"line":81,"column":0},"end":{"line":81,"column":16}},"81":{"start":{"line":82,"column":0},"end":{"line":82,"column":14}},"82":{"start":{"line":83,"column":0},"end":{"line":83,"column":61}},"83":{"start":{"line":84,"column":0},"end":{"line":84,"column":18}},"84":{"start":{"line":85,"column":0},"end":{"line":85,"column":19}},"85":{"start":{"line":86,"column":0},"end":{"line":86,"column":23}},"86":{"start":{"line":87,"column":0},"end":{"line":87,"column":98}},"87":{"start":{"line":88,"column":0},"end":{"line":88,"column":15}},"88":{"start":{"line":89,"column":0},"end":{"line":89,"column":14}},"89":{"start":{"line":90,"column":0},"end":{"line":90,"column":0}},"90":{"start":{"line":91,"column":0},"end":{"line":91,"column":67}},"91":{"start":{"line":92,"column":0},"end":{"line":92,"column":18}},"92":{"start":{"line":93,"column":0},"end":{"line":93,"column":37}},"93":{"start":{"line":94,"column":0},"end":{"line":94,"column":23}},"94":{"start":{"line":95,"column":0},"end":{"line":95,"column":90}},"95":{"start":{"line":96,"column":0},"end":{"line":96,"column":27}},"96":{"start":{"line":97,"column":0},"end":{"line":97,"column":27}},"97":{"start":{"line":98,"column":0},"end":{"line":98,"column":15}},"98":{"start":{"line":99,"column":0},"end":{"line":99,"column":14}},"99":{"start":{"line":100,"column":0},"end":{"line":100,"column":0}},"100":{"start":{"line":101,"column":0},"end":{"line":101,"column":18}},"101":{"start":{"line":102,"column":0},"end":{"line":102,"column":36}},"102":{"start":{"line":103,"column":0},"end":{"line":103,"column":23}},"103":{"start":{"line":104,"column":0},"end":{"line":104,"column":90}},"104":{"start":{"line":105,"column":0},"end":{"line":105,"column":33}},"105":{"start":{"line":106,"column":0},"end":{"line":106,"column":27}},"106":{"start":{"line":107,"column":0},"end":{"line":107,"column":15}},"107":{"start":{"line":108,"column":0},"end":{"line":108,"column":14}},"108":{"start":{"line":109,"column":0},"end":{"line":109,"column":0}},"109":{"start":{"line":110,"column":0},"end":{"line":110,"column":18}},"110":{"start":{"line":111,"column":0},"end":{"line":111,"column":36}},"111":{"start":{"line":112,"column":0},"end":{"line":112,"column":23}},"112":{"start":{"line":113,"column":0},"end":{"line":113,"column":90}},"113":{"start":{"line":114,"column":0},"end":{"line":114,"column":26}},"114":{"start":{"line":115,"column":0},"end":{"line":115,"column":27}},"115":{"start":{"line":116,"column":0},"end":{"line":116,"column":15}},"116":{"start":{"line":117,"column":0},"end":{"line":117,"column":14}},"117":{"start":{"line":118,"column":0},"end":{"line":118,"column":0}},"118":{"start":{"line":119,"column":0},"end":{"line":119,"column":18}},"119":{"start":{"line":120,"column":0},"end":{"line":120,"column":39}},"120":{"start":{"line":121,"column":0},"end":{"line":121,"column":23}},"121":{"start":{"line":122,"column":0},"end":{"line":122,"column":91}},"122":{"start":{"line":123,"column":0},"end":{"line":123,"column":29}},"123":{"start":{"line":124,"column":0},"end":{"line":124,"column":27}},"124":{"start":{"line":125,"column":0},"end":{"line":125,"column":15}},"125":{"start":{"line":126,"column":0},"end":{"line":126,"column":14}},"126":{"start":{"line":127,"column":0},"end":{"line":127,"column":0}},"127":{"start":{"line":128,"column":0},"end":{"line":128,"column":18}},"128":{"start":{"line":129,"column":0},"end":{"line":129,"column":42}},"129":{"start":{"line":130,"column":0},"end":{"line":130,"column":23}},"130":{"start":{"line":131,"column":0},"end":{"line":131,"column":98}},"131":{"start":{"line":132,"column":0},"end":{"line":132,"column":32}},"132":{"start":{"line":133,"column":0},"end":{"line":133,"column":27}},"133":{"start":{"line":134,"column":0},"end":{"line":134,"column":15}},"134":{"start":{"line":135,"column":0},"end":{"line":135,"column":14}},"135":{"start":{"line":136,"column":0},"end":{"line":136,"column":0}},"136":{"start":{"line":137,"column":0},"end":{"line":137,"column":18}},"137":{"start":{"line":138,"column":0},"end":{"line":138,"column":37}},"138":{"start":{"line":139,"column":0},"end":{"line":139,"column":23}},"139":{"start":{"line":140,"column":0},"end":{"line":140,"column":92}},"140":{"start":{"line":141,"column":0},"end":{"line":141,"column":27}},"141":{"start":{"line":142,"column":0},"end":{"line":142,"column":27}},"142":{"start":{"line":143,"column":0},"end":{"line":143,"column":15}},"143":{"start":{"line":144,"column":0},"end":{"line":144,"column":14}},"144":{"start":{"line":145,"column":0},"end":{"line":145,"column":0}},"145":{"start":{"line":146,"column":0},"end":{"line":146,"column":18}},"146":{"start":{"line":147,"column":0},"end":{"line":147,"column":34}},"147":{"start":{"line":148,"column":0},"end":{"line":148,"column":23}},"148":{"start":{"line":149,"column":0},"end":{"line":149,"column":92}},"149":{"start":{"line":150,"column":0},"end":{"line":150,"column":32}},"150":{"start":{"line":151,"column":0},"end":{"line":151,"column":27}},"151":{"start":{"line":152,"column":0},"end":{"line":152,"column":15}},"152":{"start":{"line":153,"column":0},"end":{"line":153,"column":14}},"153":{"start":{"line":154,"column":0},"end":{"line":154,"column":0}},"154":{"start":{"line":155,"column":0},"end":{"line":155,"column":18}},"155":{"start":{"line":156,"column":0},"end":{"line":156,"column":22}},"156":{"start":{"line":157,"column":0},"end":{"line":157,"column":23}},"157":{"start":{"line":158,"column":0},"end":{"line":158,"column":87}},"158":{"start":{"line":159,"column":0},"end":{"line":159,"column":30}},"159":{"start":{"line":160,"column":0},"end":{"line":160,"column":27}},"160":{"start":{"line":161,"column":0},"end":{"line":161,"column":15}},"161":{"start":{"line":162,"column":0},"end":{"line":162,"column":14}},"162":{"start":{"line":163,"column":0},"end":{"line":163,"column":18}},"163":{"start":{"line":164,"column":0},"end":{"line":164,"column":0}},"164":{"start":{"line":165,"column":0},"end":{"line":165,"column":63}},"165":{"start":{"line":166,"column":0},"end":{"line":166,"column":16}},"166":{"start":{"line":167,"column":0},"end":{"line":167,"column":42}},"167":{"start":{"line":168,"column":0},"end":{"line":168,"column":21}},"168":{"start":{"line":169,"column":0},"end":{"line":169,"column":79}},"169":{"start":{"line":170,"column":0},"end":{"line":170,"column":42}},"170":{"start":{"line":171,"column":0},"end":{"line":171,"column":25}},"171":{"start":{"line":172,"column":0},"end":{"line":172,"column":13}},"172":{"start":{"line":173,"column":0},"end":{"line":173,"column":12}},"173":{"start":{"line":174,"column":0},"end":{"line":174,"column":17}},"174":{"start":{"line":175,"column":0},"end":{"line":175,"column":0}},"175":{"start":{"line":176,"column":0},"end":{"line":176,"column":52}},"176":{"start":{"line":177,"column":0},"end":{"line":177,"column":28}},"177":{"start":{"line":178,"column":0},"end":{"line":178,"column":75}},"178":{"start":{"line":179,"column":0},"end":{"line":179,"column":67}},"179":{"start":{"line":180,"column":0},"end":{"line":180,"column":21}},"180":{"start":{"line":181,"column":0},"end":{"line":181,"column":10}},"181":{"start":{"line":182,"column":0},"end":{"line":182,"column":22}},"182":{"start":{"line":183,"column":0},"end":{"line":183,"column":21}},"183":{"start":{"line":184,"column":0},"end":{"line":184,"column":4}},"184":{"start":{"line":185,"column":0},"end":{"line":185,"column":1}},"185":{"start":{"line":186,"column":0},"end":{"line":186,"column":0}},"186":{"start":{"line":187,"column":0},"end":{"line":187,"column":19}}},"s":{"0":0,"1":0,"2":0,"3":0,"4":0,"5":0,"6":0,"7":0,"8":0,"9":0,"10":0,"11":0,"12":0,"13":0,"14":0,"15":0,"16":0,"17":0,"18":0,"19":0,"20":0,"21":0,"22":0,"23":0,"24":0,"25":0,"26":0,"27":0,"28":0,"29":0,"30":0,"31":0,"32":0,"33":0,"34":0,"35":0,"36":0,"37":0,"38":0,"39":0,"40":0,"41":0,"42":0,"43":0,"44":0,"45":0,"46":0,"47":0,"48":0,"49":0,"50":0,"51":0,"52":0,"53":0,"54":0,"55":0,"56":0,"57":0,"58":0,"59":0,"60":0,"61":0,"62":0,"63":0,"64":0,"65":0,"66":0,"67":0,"68":0,"69":0,"70":0,"71":0,"72":0,"73":0,"74":0,"75":0,"76":0,"77":0,"78":0,"79":0,"80":0,"81":0,"82":0,"83":0,"84":0,"85":0,"86":0,"87":0,"88":0,"89":0,"90":0,"91":0,"92":0,"93":0,"94":0,"95":0,"96":0,"97":0,"98":0,"99":0,"100":0,"101":0,"102":0,"103":0,"104":0,"105":0,"106":0,"107":0,"108":0,"109":0,"110":0,"111":0,"112":0,"113":0,"114":0,"115":0,"116":0,"117":0,"118":0,"119":0,"120":0,"121":0,"122":0,"123":0,"124":0,"125":0,"126":0,"127":0,"128":0,"129":0,"130":0,"131":0,"132":0,"133":0,"134":0,"135":0,"136":0,"137":0,"138":0,"139":0,"140":0,"141":0,"142":0,"143":0,"144":0,"145":0,"146":0,"147":0,"148":0,"149":0,"150":0,"151":0,"152":0,"153":0,"154":0,"155":0,"156":0,"157":0,"158":0,"159":0,"160":0,"161":0,"162":0,"163":0,"164":0,"165":0,"166":0,"167":0,"168":0,"169":0,"170":0,"171":0,"172":0,"173":0,"174":0,"175":0,"176":0,"177":0,"178":0,"179":0,"180":0,"181":0,"182":0,"183":0,"184":0,"185":0,"186":0},"branchMap":{"0":{"type":"branch","line":1,"loc":{"start":{"line":1,"column":0},"end":{"line":187,"column":19}},"locations":[{"start":{"line":1,"column":0},"end":{"line":187,"column":19}}]}},"b":{"0":[0]},"fnMap":{"0":{"name":"(empty-report)","decl":{"start":{"line":1,"column":0},"end":{"line":187,"column":19}},"loc":{"start":{"line":1,"column":0},"end":{"line":187,"column":19}},"line":1}},"f":{"0":0}}
,"C:\\Users\\chokd\\Documents\\P3\\wonderbook pour aws\\WonderBook\\src\\i18n.js": {"path":"C:\\Users\\chokd\\Documents\\P3\\wonderbook pour aws\\WonderBook\\src\\i18n.js","all":false,"statementMap":{"0":{"start":{"line":1,"column":0},"end":{"line":1,"column":61}},"1":{"start":{"line":2,"column":0},"end":{"line":2,"column":80}},"2":{"start":{"line":3,"column":0},"end":{"line":3,"column":121}},"4":{"start":{"line":5,"column":0},"end":{"line":5,"column":68}},"5":{"start":{"line":6,"column":0},"end":{"line":6,"column":68}},"6":{"start":{"line":7,"column":0},"end":{"line":7,"column":68}},"7":{"start":{"line":8,"column":0},"end":{"line":8,"column":68}},"8":{"start":{"line":9,"column":0},"end":{"line":9,"column":68}},"9":{"start":{"line":10,"column":0},"end":{"line":10,"column":68}},"10":{"start":{"line":11,"column":0},"end":{"line":11,"column":68}},"11":{"start":{"line":12,"column":0},"end":{"line":12,"column":68}},"12":{"start":{"line":13,"column":0},"end":{"line":13,"column":68}},"14":{"start":{"line":15,"column":0},"end":{"line":15,"column":19}},"15":{"start":{"line":16,"column":0},"end":{"line":16,"column":37}},"16":{"start":{"line":17,"column":0},"end":{"line":17,"column":37}},"17":{"start":{"line":18,"column":0},"end":{"line":18,"column":37}},"18":{"start":{"line":19,"column":0},"end":{"line":19,"column":37}},"19":{"start":{"line":20,"column":0},"end":{"line":20,"column":37}},"20":{"start":{"line":21,"column":0},"end":{"line":21,"column":37}},"21":{"start":{"line":22,"column":0},"end":{"line":22,"column":37}},"22":{"start":{"line":23,"column":0},"end":{"line":23,"column":37}},"23":{"start":{"line":24,"column":0},"end":{"line":24,"column":37}},"24":{"start":{"line":25,"column":0},"end":{"line":25,"column":2}},"26":{"start":{"line":27,"column":0},"end":{"line":27,"column":4}},"27":{"start":{"line":28,"column":0},"end":{"line":28,"column":24}},"28":{"start":{"line":29,"column":0},"end":{"line":29,"column":24}},"29":{"start":{"line":30,"column":0},"end":{"line":30,"column":9}},"30":{"start":{"line":31,"column":0},"end":{"line":31,"column":14}},"31":{"start":{"line":32,"column":0},"end":{"line":32,"column":22}},"32":{"start":{"line":33,"column":0},"end":{"line":33,"column":20}},"33":{"start":{"line":34,"column":0},"end":{"line":34,"column":25}},"34":{"start":{"line":35,"column":0},"end":{"line":35,"column":6}},"35":{"start":{"line":36,"column":0},"end":{"line":36,"column":5}},"37":{"start":{"line":38,"column":0},"end":{"line":38,"column":20}}},"s":{"0":1,"1":1,"2":1,"4":1,"5":1,"6":1,"7":1,"8":1,"9":1,"10":1,"11":1,"12":1,"14":1,"15":1,"16":1,"17":1,"18":1,"19":1,"20":1,"21":1,"22":1,"23":1,"24":1,"26":1,"27":1,"28":1,"29":1,"30":1,"31":1,"32":1,"33":1,"34":1,"35":1,"37":1},"branchMap":{},"b":{},"fnMap":{},"f":{}}
,"C:\\Users\\chokd\\Documents\\P3\\wonderbook pour aws\\WonderBook\\src\\components\\BackArrow\\BackArrow.jsx": {"path":"C:\\Users\\chokd\\Documents\\P3\\wonderbook pour aws\\WonderBook\\src\\components\\BackArrow\\BackArrow.jsx","all":false,"statementMap":{"0":{"start":{"line":1,"column":0},"end":{"line":1,"column":65}},"1":{"start":{"line":2,"column":0},"end":{"line":2,"column":66}},"2":{"start":{"line":3,"column":0},"end":{"line":3,"column":44}},"3":{"start":{"line":4,"column":0},"end":{"line":4,"column":47}},"5":{"start":{"line":6,"column":0},"end":{"line":6,"column":22}},"6":{"start":{"line":7,"column":0},"end":{"line":7,"column":33}},"8":{"start":{"line":9,"column":0},"end":{"line":9,"column":28}},"9":{"start":{"line":10,"column":0},"end":{"line":10,"column":17}},"10":{"start":{"line":11,"column":0},"end":{"line":11,"column":4}},"11":{"start":{"line":12,"column":0},"end":{"line":12,"column":10}},"12":{"start":{"line":13,"column":0},"end":{"line":13,"column":80}},"13":{"start":{"line":14,"column":0},"end":{"line":14,"column":46}},"14":{"start":{"line":15,"column":0},"end":{"line":15,"column":13}},"16":{"start":{"line":17,"column":0},"end":{"line":17,"column":1}},"18":{"start":{"line":19,"column":0},"end":{"line":19,"column":25}}},"s":{"0":1,"1":1,"2":1,"3":1,"5":11,"6":11,"8":11,"9":8,"10":8,"11":11,"12":11,"13":11,"14":11,"16":11,"18":1},"branchMap":{"0":{"type":"branch","line":6,"loc":{"start":{"line":6,"column":0},"end":{"line":17,"column":1}},"locations":[{"start":{"line":6,"column":0},"end":{"line":17,"column":1}}]},"1":{"type":"branch","line":9,"loc":{"start":{"line":9,"column":21},"end":{"line":11,"column":4}},"locations":[{"start":{"line":9,"column":21},"end":{"line":11,"column":4}}]}},"b":{"0":[11],"1":[8]},"fnMap":{"0":{"name":"BackArrow","decl":{"start":{"line":6,"column":0},"end":{"line":17,"column":1}},"loc":{"start":{"line":6,"column":0},"end":{"line":17,"column":1}},"line":6},"1":{"name":"handleBack","decl":{"start":{"line":9,"column":21},"end":{"line":11,"column":4}},"loc":{"start":{"line":9,"column":21},"end":{"line":11,"column":4}},"line":9}},"f":{"0":11,"1":8}}
,"C:\\Users\\chokd\\Documents\\P3\\wonderbook pour aws\\WonderBook\\src\\components\\Books\\BestRatedBooks\\BestRatedBooks.jsx": {"path":"C:\\Users\\chokd\\Documents\\P3\\wonderbook pour aws\\WonderBook\\src\\components\\Books\\BestRatedBooks\\BestRatedBooks.jsx","all":false,"statementMap":{"0":{"start":{"line":1,"column":0},"end":{"line":1,"column":40}},"1":{"start":{"line":2,"column":0},"end":{"line":2,"column":63}},"2":{"start":{"line":3,"column":0},"end":{"line":3,"column":58}},"3":{"start":{"line":4,"column":0},"end":{"line":4,"column":53}},"4":{"start":{"line":5,"column":0},"end":{"line":5,"column":47}},"5":{"start":{"line":6,"column":0},"end":{"line":6,"column":49}},"7":{"start":{"line":8,"column":0},"end":{"line":8,"column":27}},"8":{"start":{"line":9,"column":0},"end":{"line":9,"column":74}},"9":{"start":{"line":10,"column":0},"end":{"line":10,"column":33}},"10":{"start":{"line":11,"column":0},"end":{"line":11,"column":33}},"11":{"start":{"line":12,"column":0},"end":{"line":12,"column":26}},"12":{"start":{"line":13,"column":0},"end":{"line":13,"column":12}},"13":{"start":{"line":14,"column":0},"end":{"line":14,"column":37}},"14":{"start":{"line":15,"column":0},"end":{"line":15,"column":65}},"15":{"start":{"line":16,"column":0},"end":{"line":16,"column":33}},"16":{"start":{"line":17,"column":0},"end":{"line":17,"column":29}},"17":{"start":{"line":18,"column":0},"end":{"line":18,"column":25}},"18":{"start":{"line":19,"column":0},"end":{"line":19,"column":7}},"19":{"start":{"line":20,"column":0},"end":{"line":20,"column":52}},"20":{"start":{"line":21,"column":0},"end":{"line":21,"column":4}},"22":{"start":{"line":23,"column":0},"end":{"line":23,"column":65}},"24":{"start":{"line":25,"column":0},"end":{"line":25,"column":31}},"25":{"start":{"line":26,"column":0},"end":{"line":26,"column":35}},"26":{"start":{"line":27,"column":0},"end":{"line":27,"column":29}},"27":{"start":{"line":28,"column":0},"end":{"line":28,"column":32}},"28":{"start":{"line":29,"column":0},"end":{"line":29,"column":64}},"29":{"start":{"line":30,"column":0},"end":{"line":30,"column":25}},"30":{"start":{"line":31,"column":0},"end":{"line":31,"column":7}},"31":{"start":{"line":32,"column":0},"end":{"line":32,"column":4}},"33":{"start":{"line":34,"column":0},"end":{"line":34,"column":29}},"34":{"start":{"line":35,"column":0},"end":{"line":35,"column":39}},"35":{"start":{"line":36,"column":0},"end":{"line":36,"column":35}},"36":{"start":{"line":37,"column":0},"end":{"line":37,"column":41}},"37":{"start":{"line":38,"column":0},"end":{"line":38,"column":93}},"38":{"start":{"line":39,"column":0},"end":{"line":39,"column":6}},"40":{"start":{"line":41,"column":0},"end":{"line":41,"column":44}},"43":{"start":{"line":44,"column":0},"end":{"line":44,"column":10}},"44":{"start":{"line":45,"column":0},"end":{"line":45,"column":47}},"45":{"start":{"line":46,"column":0},"end":{"line":46,"column":74}},"47":{"start":{"line":48,"column":0},"end":{"line":48,"column":15}},"48":{"start":{"line":49,"column":0},"end":{"line":49,"column":51}},"49":{"start":{"line":50,"column":0},"end":{"line":50,"column":17}},"50":{"start":{"line":51,"column":0},"end":{"line":51,"column":12}},"51":{"start":{"line":52,"column":0},"end":{"line":52,"column":75}},"53":{"start":{"line":54,"column":0},"end":{"line":54,"column":15}},"54":{"start":{"line":55,"column":0},"end":{"line":55,"column":14}},"56":{"start":{"line":57,"column":0},"end":{"line":57,"column":1}},"58":{"start":{"line":59,"column":0},"end":{"line":59,"column":30}}},"s":{"0":1,"1":1,"2":1,"3":1,"4":1,"5":1,"7":3,"8":3,"9":3,"10":3,"11":3,"12":3,"13":3,"14":3,"15":3,"16":3,"17":3,"18":3,"19":3,"20":3,"22":3,"24":3,"25":0,"26":0,"27":0,"28":0,"29":0,"30":0,"31":0,"33":3,"34":1,"35":2,"36":1,"37":2,"38":1,"40":1,"43":3,"44":3,"45":3,"47":3,"48":3,"49":3,"50":3,"51":3,"53":3,"54":3,"56":3,"58":1},"branchMap":{"0":{"type":"branch","line":8,"loc":{"start":{"line":8,"column":0},"end":{"line":57,"column":1}},"locations":[{"start":{"line":8,"column":0},"end":{"line":57,"column":1}}]},"1":{"type":"branch","line":34,"loc":{"start":{"line":34,"column":18},"end":{"line":35,"column":39}},"locations":[{"start":{"line":34,"column":18},"end":{"line":35,"column":39}}]},"2":{"type":"branch","line":35,"loc":{"start":{"line":35,"column":34},"end":{"line":41,"column":44}},"locations":[{"start":{"line":35,"column":34},"end":{"line":41,"column":44}}]},"3":{"type":"branch","line":36,"loc":{"start":{"line":36,"column":30},"end":{"line":39,"column":6}},"locations":[{"start":{"line":36,"column":30},"end":{"line":39,"column":6}}]},"4":{"type":"branch","line":39,"loc":{"start":{"line":39,"column":5},"end":{"line":41,"column":44}},"locations":[{"start":{"line":39,"column":5},"end":{"line":41,"column":44}}]},"5":{"type":"branch","line":13,"loc":{"start":{"line":13,"column":4},"end":{"line":19,"column":7}},"locations":[{"start":{"line":13,"column":4},"end":{"line":19,"column":7}}]},"6":{"type":"branch","line":15,"loc":{"start":{"line":15,"column":47},"end":{"line":15,"column":65}},"locations":[{"start":{"line":15,"column":47},"end":{"line":15,"column":65}}]},"7":{"type":"branch","line":37,"loc":{"start":{"line":37,"column":23},"end":{"line":38,"column":93}},"locations":[{"start":{"line":37,"column":23},"end":{"line":38,"column":93}}]},"8":{"type":"branch","line":38,"loc":{"start":{"line":38,"column":37},"end":{"line":38,"column":66}},"locations":[{"start":{"line":38,"column":37},"end":{"line":38,"column":66}}]}},"b":{"0":[3],"1":[1],"2":[2],"3":[1],"4":[1],"5":[3],"6":[0],"7":[2],"8":[0]},"fnMap":{"0":{"name":"BestRatedBooks","decl":{"start":{"line":8,"column":0},"end":{"line":57,"column":1}},"loc":{"start":{"line":8,"column":0},"end":{"line":57,"column":1}},"line":8},"1":{"name":"scroll","decl":{"start":{"line":25,"column":17},"end":{"line":32,"column":4}},"loc":{"start":{"line":25,"column":17},"end":{"line":32,"column":4}},"line":25},"2":{"name":"onClick","decl":{"start":{"line":46,"column":52},"end":{"line":46,"column":74}},"loc":{"start":{"line":46,"column":52},"end":{"line":46,"column":74}},"line":46},"3":{"name":"onClick","decl":{"start":{"line":52,"column":52},"end":{"line":52,"column":75}},"loc":{"start":{"line":52,"column":52},"end":{"line":52,"column":75}},"line":52}},"f":{"0":3,"1":0,"2":0,"3":0}}
,"C:\\Users\\chokd\\Documents\\P3\\wonderbook pour aws\\WonderBook\\src\\components\\Books\\BookDisplay\\BookDisplay.jsx": {"path":"C:\\Users\\chokd\\Documents\\P3\\wonderbook pour aws\\WonderBook\\src\\components\\Books\\BookDisplay\\BookDisplay.jsx","all":false,"statementMap":{"0":{"start":{"line":1,"column":0},"end":{"line":1,"column":33}},"1":{"start":{"line":2,"column":0},"end":{"line":2,"column":35}},"2":{"start":{"line":3,"column":0},"end":{"line":3,"column":40}},"3":{"start":{"line":4,"column":0},"end":{"line":4,"column":66}},"4":{"start":{"line":5,"column":0},"end":{"line":5,"column":47}},"5":{"start":{"line":6,"column":0},"end":{"line":6,"column":46}},"7":{"start":{"line":8,"column":0},"end":{"line":8,"column":97}},"8":{"start":{"line":9,"column":0},"end":{"line":9,"column":54}},"9":{"start":{"line":10,"column":0},"end":{"line":10,"column":56}},"10":{"start":{"line":11,"column":0},"end":{"line":11,"column":54}},"11":{"start":{"line":12,"column":0},"end":{"line":12,"column":33}},"12":{"start":{"line":13,"column":0},"end":{"line":13,"column":21}},"13":{"start":{"line":14,"column":0},"end":{"line":14,"column":86}},"16":{"start":{"line":17,"column":0},"end":{"line":17,"column":38}},"17":{"start":{"line":18,"column":0},"end":{"line":18,"column":19}},"18":{"start":{"line":19,"column":0},"end":{"line":19,"column":13}},"19":{"start":{"line":20,"column":0},"end":{"line":20,"column":57}},"20":{"start":{"line":21,"column":0},"end":{"line":21,"column":13}},"21":{"start":{"line":22,"column":0},"end":{"line":22,"column":69}},"22":{"start":{"line":23,"column":0},"end":{"line":23,"column":13}},"23":{"start":{"line":24,"column":0},"end":{"line":24,"column":68}},"24":{"start":{"line":25,"column":0},"end":{"line":25,"column":14}},"25":{"start":{"line":26,"column":0},"end":{"line":26,"column":43}},"26":{"start":{"line":27,"column":0},"end":{"line":27,"column":5}},"27":{"start":{"line":28,"column":0},"end":{"line":28,"column":4}},"29":{"start":{"line":30,"column":0},"end":{"line":30,"column":51}},"32":{"start":{"line":33,"column":0},"end":{"line":33,"column":71}},"33":{"start":{"line":34,"column":0},"end":{"line":34,"column":8}},"34":{"start":{"line":35,"column":0},"end":{"line":35,"column":43}},"35":{"start":{"line":36,"column":0},"end":{"line":36,"column":14}},"36":{"start":{"line":37,"column":0},"end":{"line":37,"column":32}},"37":{"start":{"line":38,"column":0},"end":{"line":38,"column":34}},"38":{"start":{"line":39,"column":0},"end":{"line":39,"column":35}},"39":{"start":{"line":40,"column":0},"end":{"line":40,"column":37}},"40":{"start":{"line":41,"column":0},"end":{"line":41,"column":9}},"41":{"start":{"line":42,"column":0},"end":{"line":42,"column":22}},"42":{"start":{"line":43,"column":0},"end":{"line":43,"column":10}},"44":{"start":{"line":45,"column":0},"end":{"line":45,"column":28}},"45":{"start":{"line":46,"column":0},"end":{"line":46,"column":16}},"46":{"start":{"line":47,"column":0},"end":{"line":47,"column":46}},"47":{"start":{"line":48,"column":0},"end":{"line":48,"column":22}},"48":{"start":{"line":49,"column":0},"end":{"line":49,"column":30}},"49":{"start":{"line":50,"column":0},"end":{"line":50,"column":31}},"50":{"start":{"line":51,"column":0},"end":{"line":51,"column":43}},"51":{"start":{"line":52,"column":0},"end":{"line":52,"column":92}},"52":{"start":{"line":53,"column":0},"end":{"line":53,"column":44}},"53":{"start":{"line":54,"column":0},"end":{"line":54,"column":51}},"54":{"start":{"line":55,"column":0},"end":{"line":55,"column":36}},"55":{"start":{"line":56,"column":0},"end":{"line":56,"column":16}},"56":{"start":{"line":57,"column":0},"end":{"line":57,"column":14}},"59":{"start":{"line":60,"column":0},"end":{"line":60,"column":14}},"60":{"start":{"line":61,"column":0},"end":{"line":61,"column":103}},"61":{"start":{"line":62,"column":0},"end":{"line":62,"column":32}},"62":{"start":{"line":63,"column":0},"end":{"line":63,"column":72}},"63":{"start":{"line":64,"column":0},"end":{"line":64,"column":36}},"64":{"start":{"line":65,"column":0},"end":{"line":65,"column":38}},"65":{"start":{"line":66,"column":0},"end":{"line":66,"column":47}},"66":{"start":{"line":67,"column":0},"end":{"line":67,"column":28}},"67":{"start":{"line":68,"column":0},"end":{"line":68,"column":47}},"68":{"start":{"line":69,"column":0},"end":{"line":69,"column":47}},"69":{"start":{"line":70,"column":0},"end":{"line":70,"column":20}},"70":{"start":{"line":71,"column":0},"end":{"line":71,"column":28}},"71":{"start":{"line":72,"column":0},"end":{"line":72,"column":29}},"72":{"start":{"line":73,"column":0},"end":{"line":73,"column":33}},"73":{"start":{"line":74,"column":0},"end":{"line":74,"column":39}},"74":{"start":{"line":75,"column":0},"end":{"line":75,"column":34}},"75":{"start":{"line":76,"column":0},"end":{"line":76,"column":43}},"76":{"start":{"line":77,"column":0},"end":{"line":77,"column":46}},"77":{"start":{"line":78,"column":0},"end":{"line":78,"column":14}},"78":{"start":{"line":79,"column":0},"end":{"line":79,"column":12}},"79":{"start":{"line":80,"column":0},"end":{"line":80,"column":11}},"82":{"start":{"line":83,"column":0},"end":{"line":83,"column":12}},"83":{"start":{"line":84,"column":0},"end":{"line":84,"column":42}},"84":{"start":{"line":85,"column":0},"end":{"line":85,"column":18}},"85":{"start":{"line":86,"column":0},"end":{"line":86,"column":26}},"86":{"start":{"line":87,"column":0},"end":{"line":87,"column":27}},"87":{"start":{"line":88,"column":0},"end":{"line":88,"column":39}},"88":{"start":{"line":89,"column":0},"end":{"line":89,"column":28}},"89":{"start":{"line":90,"column":0},"end":{"line":90,"column":36}},"90":{"start":{"line":91,"column":0},"end":{"line":91,"column":37}},"91":{"start":{"line":92,"column":0},"end":{"line":92,"column":33}},"92":{"start":{"line":93,"column":0},"end":{"line":93,"column":32}},"93":{"start":{"line":94,"column":0},"end":{"line":94,"column":37}},"94":{"start":{"line":95,"column":0},"end":{"line":95,"column":29}},"95":{"start":{"line":96,"column":0},"end":{"line":96,"column":26}},"96":{"start":{"line":97,"column":0},"end":{"line":97,"column":32}},"97":{"start":{"line":98,"column":0},"end":{"line":98,"column":27}},"98":{"start":{"line":99,"column":0},"end":{"line":99,"column":13}},"99":{"start":{"line":100,"column":0},"end":{"line":100,"column":23}},"100":{"start":{"line":101,"column":0},"end":{"line":101,"column":33}},"101":{"start":{"line":102,"column":0},"end":{"line":102,"column":14}},"103":{"start":{"line":104,"column":0},"end":{"line":104,"column":10}},"106":{"start":{"line":107,"column":0},"end":{"line":107,"column":18}},"107":{"start":{"line":108,"column":0},"end":{"line":108,"column":12}},"108":{"start":{"line":109,"column":0},"end":{"line":109,"column":11}},"109":{"start":{"line":110,"column":0},"end":{"line":110,"column":55}},"110":{"start":{"line":111,"column":0},"end":{"line":111,"column":114}},"111":{"start":{"line":112,"column":0},"end":{"line":112,"column":81}},"113":{"start":{"line":114,"column":0},"end":{"line":114,"column":37}},"114":{"start":{"line":115,"column":0},"end":{"line":115,"column":30}},"115":{"start":{"line":116,"column":0},"end":{"line":116,"column":76}},"116":{"start":{"line":117,"column":0},"end":{"line":117,"column":13}},"118":{"start":{"line":119,"column":0},"end":{"line":119,"column":3}},"120":{"start":{"line":121,"column":0},"end":{"line":121,"column":41}},"121":{"start":{"line":122,"column":0},"end":{"line":122,"column":32}},"122":{"start":{"line":123,"column":0},"end":{"line":123,"column":39}},"123":{"start":{"line":124,"column":0},"end":{"line":124,"column":12}},"125":{"start":{"line":126,"column":0},"end":{"line":126,"column":17}},"126":{"start":{"line":127,"column":0},"end":{"line":127,"column":11}},"127":{"start":{"line":128,"column":0},"end":{"line":128,"column":15}},"128":{"start":{"line":129,"column":0},"end":{"line":129,"column":10}},"129":{"start":{"line":130,"column":0},"end":{"line":130,"column":78}},"130":{"start":{"line":131,"column":0},"end":{"line":131,"column":93}},"131":{"start":{"line":132,"column":0},"end":{"line":132,"column":11}},"133":{"start":{"line":134,"column":0},"end":{"line":134,"column":12}},"134":{"start":{"line":135,"column":0},"end":{"line":135,"column":11}},"135":{"start":{"line":136,"column":0},"end":{"line":136,"column":15}},"136":{"start":{"line":137,"column":0},"end":{"line":137,"column":10}},"137":{"start":{"line":138,"column":0},"end":{"line":138,"column":78}},"138":{"start":{"line":139,"column":0},"end":{"line":139,"column":93}},"139":{"start":{"line":140,"column":0},"end":{"line":140,"column":11}},"141":{"start":{"line":142,"column":0},"end":{"line":142,"column":12}},"142":{"start":{"line":143,"column":0},"end":{"line":143,"column":12}},"143":{"start":{"line":144,"column":0},"end":{"line":144,"column":15}},"144":{"start":{"line":145,"column":0},"end":{"line":145,"column":10}},"145":{"start":{"line":146,"column":0},"end":{"line":146,"column":78}},"146":{"start":{"line":147,"column":0},"end":{"line":147,"column":93}},"147":{"start":{"line":148,"column":0},"end":{"line":148,"column":11}},"149":{"start":{"line":150,"column":0},"end":{"line":150,"column":3}},"151":{"start":{"line":152,"column":0},"end":{"line":152,"column":10}},"152":{"start":{"line":153,"column":0},"end":{"line":153,"column":89}},"153":{"start":{"line":154,"column":0},"end":{"line":154,"column":46}},"154":{"start":{"line":155,"column":0},"end":{"line":155,"column":24}},"155":{"start":{"line":156,"column":0},"end":{"line":156,"column":87}},"158":{"start":{"line":159,"column":0},"end":{"line":159,"column":41}},"159":{"start":{"line":160,"column":0},"end":{"line":160,"column":81}},"160":{"start":{"line":161,"column":0},"end":{"line":161,"column":17}},"161":{"start":{"line":162,"column":0},"end":{"line":162,"column":30}},"162":{"start":{"line":163,"column":0},"end":{"line":163,"column":40}},"164":{"start":{"line":165,"column":0},"end":{"line":165,"column":55}},"165":{"start":{"line":166,"column":0},"end":{"line":166,"column":42}},"166":{"start":{"line":167,"column":0},"end":{"line":167,"column":85}},"167":{"start":{"line":168,"column":0},"end":{"line":168,"column":16}},"170":{"start":{"line":171,"column":0},"end":{"line":171,"column":58}},"171":{"start":{"line":172,"column":0},"end":{"line":172,"column":45}},"172":{"start":{"line":173,"column":0},"end":{"line":173,"column":91}},"173":{"start":{"line":174,"column":0},"end":{"line":174,"column":16}},"176":{"start":{"line":177,"column":0},"end":{"line":177,"column":43}},"177":{"start":{"line":178,"column":0},"end":{"line":178,"column":53}},"178":{"start":{"line":179,"column":0},"end":{"line":179,"column":100}},"179":{"start":{"line":180,"column":0},"end":{"line":180,"column":76}},"180":{"start":{"line":181,"column":0},"end":{"line":181,"column":18}},"181":{"start":{"line":182,"column":0},"end":{"line":182,"column":45}},"182":{"start":{"line":183,"column":0},"end":{"line":183,"column":23}},"183":{"start":{"line":184,"column":0},"end":{"line":184,"column":31}},"184":{"start":{"line":185,"column":0},"end":{"line":185,"column":33}},"185":{"start":{"line":186,"column":0},"end":{"line":186,"column":39}},"186":{"start":{"line":187,"column":0},"end":{"line":187,"column":47}},"187":{"start":{"line":188,"column":0},"end":{"line":188,"column":20}},"188":{"start":{"line":189,"column":0},"end":{"line":189,"column":50}},"189":{"start":{"line":190,"column":0},"end":{"line":190,"column":86}},"190":{"start":{"line":191,"column":0},"end":{"line":191,"column":25}},"192":{"start":{"line":193,"column":0},"end":{"line":193,"column":18}},"194":{"start":{"line":195,"column":0},"end":{"line":195,"column":14}},"195":{"start":{"line":196,"column":0},"end":{"line":196,"column":16}},"196":{"start":{"line":197,"column":0},"end":{"line":197,"column":11}},"198":{"start":{"line":199,"column":0},"end":{"line":199,"column":1}},"200":{"start":{"line":201,"column":0},"end":{"line":201,"column":25}},"201":{"start":{"line":202,"column":0},"end":{"line":202,"column":36}},"202":{"start":{"line":203,"column":0},"end":{"line":203,"column":30}},"203":{"start":{"line":204,"column":0},"end":{"line":204,"column":28}},"204":{"start":{"line":205,"column":0},"end":{"line":205,"column":25}},"205":{"start":{"line":206,"column":0},"end":{"line":206,"column":40}},"206":{"start":{"line":207,"column":0},"end":{"line":207,"column":39}},"207":{"start":{"line":208,"column":0},"end":{"line":208,"column":40}},"208":{"start":{"line":209,"column":0},"end":{"line":209,"column":27}},"209":{"start":{"line":210,"column":0},"end":{"line":210,"column":32}},"210":{"start":{"line":211,"column":0},"end":{"line":211,"column":49}},"211":{"start":{"line":212,"column":0},"end":{"line":212,"column":36}},"212":{"start":{"line":213,"column":0},"end":{"line":213,"column":31}},"213":{"start":{"line":214,"column":0},"end":{"line":214,"column":23}},"214":{"start":{"line":215,"column":0},"end":{"line":215,"column":33}},"215":{"start":{"line":216,"column":0},"end":{"line":216,"column":32}},"216":{"start":{"line":217,"column":0},"end":{"line":217,"column":8}},"217":{"start":{"line":218,"column":0},"end":{"line":218,"column":6}},"218":{"start":{"line":219,"column":0},"end":{"line":219,"column":30}},"219":{"start":{"line":220,"column":0},"end":{"line":220,"column":52}},"220":{"start":{"line":221,"column":0},"end":{"line":221,"column":29}},"221":{"start":{"line":222,"column":0},"end":{"line":222,"column":35}},"222":{"start":{"line":223,"column":0},"end":{"line":223,"column":16}},"223":{"start":{"line":224,"column":0},"end":{"line":224,"column":28}},"224":{"start":{"line":225,"column":0},"end":{"line":225,"column":2}},"226":{"start":{"line":227,"column":0},"end":{"line":227,"column":27}}},"s":{"0":1,"1":1,"2":1,"3":1,"4":1,"5":1,"7":44,"8":44,"9":44,"10":44,"11":44,"12":44,"13":44,"16":44,"17":43,"18":43,"19":2,"20":43,"21":39,"22":43,"23":2,"24":43,"25":0,"26":43,"27":43,"29":44,"32":44,"33":42,"34":42,"35":42,"36":42,"37":42,"38":42,"39":42,"40":42,"41":42,"42":41,"44":41,"45":41,"46":41,"47":41,"48":41,"49":41,"50":41,"51":41,"52":41,"53":41,"54":41,"55":41,"56":41,"59":41,"60":41,"61":41,"62":41,"63":41,"64":41,"65":41,"66":41,"67":41,"68":41,"69":41,"70":41,"71":41,"72":41,"73":41,"74":41,"75":41,"76":41,"77":41,"78":41,"79":41,"82":1,"83":1,"84":1,"85":1,"86":1,"87":1,"88":1,"89":1,"90":1,"91":1,"92":1,"93":1,"94":1,"95":1,"96":1,"97":1,"98":1,"99":1,"100":1,"101":1,"103":42,"106":44,"107":3,"108":3,"109":3,"110":3,"111":3,"113":3,"114":3,"115":3,"116":3,"118":3,"120":40,"121":40,"122":44,"123":44,"125":44,"126":44,"127":36,"128":36,"129":36,"130":36,"131":36,"133":36,"134":44,"135":2,"136":2,"137":2,"138":2,"139":2,"141":2,"142":44,"143":2,"144":2,"145":2,"146":2,"147":2,"149":44,"151":40,"152":40,"153":40,"154":40,"155":39,"158":44,"159":44,"160":44,"161":44,"162":44,"164":44,"165":9,"166":9,"167":9,"170":44,"171":9,"172":9,"173":9,"176":44,"177":9,"178":9,"179":9,"180":9,"181":9,"182":8,"183":8,"184":8,"185":3,"186":3,"187":3,"188":8,"189":8,"190":8,"192":9,"194":44,"195":44,"196":44,"198":44,"200":1,"201":1,"202":1,"203":1,"204":1,"205":1,"206":1,"207":1,"208":1,"209":1,"210":1,"211":1,"212":1,"213":1,"214":1,"215":1,"216":1,"217":1,"218":1,"219":1,"220":1,"221":1,"222":1,"223":1,"224":1,"226":1},"branchMap":{"0":{"type":"branch","line":8,"loc":{"start":{"line":8,"column":0},"end":{"line":199,"column":1}},"locations":[{"start":{"line":8,"column":0},"end":{"line":199,"column":1}}]},"1":{"type":"branch","line":14,"loc":{"start":{"line":14,"column":20},"end":{"line":14,"column":59}},"locations":[{"start":{"line":14,"column":20},"end":{"line":14,"column":59}}]},"2":{"type":"branch","line":14,"loc":{"start":{"line":14,"column":55},"end":{"line":14,"column":86}},"locations":[{"start":{"line":14,"column":55},"end":{"line":14,"column":86}}]},"3":{"type":"branch","line":107,"loc":{"start":{"line":107,"column":17},"end":{"line":119,"column":3}},"locations":[{"start":{"line":107,"column":17},"end":{"line":119,"column":3}}]},"4":{"type":"branch","line":111,"loc":{"start":{"line":111,"column":76},"end":{"line":111,"column":108}},"locations":[{"start":{"line":111,"column":76},"end":{"line":111,"column":108}}]},"5":{"type":"branch","line":111,"loc":{"start":{"line":111,"column":95},"end":{"line":111,"column":110}},"locations":[{"start":{"line":111,"column":95},"end":{"line":111,"column":110}}]},"6":{"type":"branch","line":116,"loc":{"start":{"line":116,"column":46},"end":{"line":116,"column":68}},"locations":[{"start":{"line":116,"column":46},"end":{"line":116,"column":68}}]},"7":{"type":"branch","line":119,"loc":{"start":{"line":119,"column":2},"end":{"line":123,"column":32}},"locations":[{"start":{"line":119,"column":2},"end":{"line":123,"column":32}}]},"8":{"type":"branch","line":123,"loc":{"start":{"line":123,"column":29},"end":{"line":123,"column":37}},"locations":[{"start":{"line":123,"column":29},"end":{"line":123,"column":37}}]},"9":{"type":"branch","line":127,"loc":{"start":{"line":127,"column":4},"end":{"line":134,"column":12}},"locations":[{"start":{"line":127,"column":4},"end":{"line":134,"column":12}}]},"10":{"type":"branch","line":130,"loc":{"start":{"line":130,"column":44},"end":{"line":130,"column":73}},"locations":[{"start":{"line":130,"column":44},"end":{"line":130,"column":73}}]},"11":{"type":"branch","line":131,"loc":{"start":{"line":131,"column":11},"end":{"line":131,"column":93}},"locations":[{"start":{"line":131,"column":11},"end":{"line":131,"column":93}}]},"12":{"type":"branch","line":131,"loc":{"start":{"line":131,"column":56},"end":{"line":131,"column":87}},"locations":[{"start":{"line":131,"column":56},"end":{"line":131,"column":87}}]},"13":{"type":"branch","line":135,"loc":{"start":{"line":135,"column":4},"end":{"line":142,"column":12}},"locations":[{"start":{"line":135,"column":4},"end":{"line":142,"column":12}}]},"14":{"type":"branch","line":138,"loc":{"start":{"line":138,"column":44},"end":{"line":138,"column":73}},"locations":[{"start":{"line":138,"column":44},"end":{"line":138,"column":73}}]},"15":{"type":"branch","line":139,"loc":{"start":{"line":139,"column":56},"end":{"line":139,"column":87}},"locations":[{"start":{"line":139,"column":56},"end":{"line":139,"column":87}}]},"16":{"type":"branch","line":143,"loc":{"start":{"line":143,"column":4},"end":{"line":148,"column":11}},"locations":[{"start":{"line":143,"column":4},"end":{"line":148,"column":11}}]},"17":{"type":"branch","line":146,"loc":{"start":{"line":146,"column":44},"end":{"line":146,"column":73}},"locations":[{"start":{"line":146,"column":44},"end":{"line":146,"column":73}}]},"18":{"type":"branch","line":147,"loc":{"start":{"line":147,"column":56},"end":{"line":147,"column":87}},"locations":[{"start":{"line":147,"column":56},"end":{"line":147,"column":87}}]},"19":{"type":"branch","line":150,"loc":{"start":{"line":150,"column":2},"end":{"line":156,"column":87}},"locations":[{"start":{"line":150,"column":2},"end":{"line":156,"column":87}}]},"20":{"type":"branch","line":150,"loc":{"start":{"line":150,"column":2},"end":{"line":155,"column":24}},"locations":[{"start":{"line":150,"column":2},"end":{"line":155,"column":24}}]},"21":{"type":"branch","line":155,"loc":{"start":{"line":155,"column":10},"end":{"line":156,"column":87}},"locations":[{"start":{"line":155,"column":10},"end":{"line":156,"column":87}}]},"22":{"type":"branch","line":165,"loc":{"start":{"line":165,"column":11},"end":{"line":165,"column":55}},"locations":[{"start":{"line":165,"column":11},"end":{"line":165,"column":55}}]},"23":{"type":"branch","line":165,"loc":{"start":{"line":165,"column":49},"end":{"line":168,"column":16}},"locations":[{"start":{"line":165,"column":49},"end":{"line":168,"column":16}}]},"24":{"type":"branch","line":171,"loc":{"start":{"line":171,"column":11},"end":{"line":171,"column":58}},"locations":[{"start":{"line":171,"column":11},"end":{"line":171,"column":58}}]},"25":{"type":"branch","line":171,"loc":{"start":{"line":171,"column":52},"end":{"line":174,"column":16}},"locations":[{"start":{"line":171,"column":52},"end":{"line":174,"column":16}}]},"26":{"type":"branch","line":177,"loc":{"start":{"line":177,"column":11},"end":{"line":177,"column":43}},"locations":[{"start":{"line":177,"column":11},"end":{"line":177,"column":43}}]},"27":{"type":"branch","line":177,"loc":{"start":{"line":177,"column":31},"end":{"line":193,"column":18}},"locations":[{"start":{"line":177,"column":31},"end":{"line":193,"column":18}}]},"28":{"type":"branch","line":179,"loc":{"start":{"line":179,"column":49},"end":{"line":179,"column":80}},"locations":[{"start":{"line":179,"column":49},"end":{"line":179,"column":80}}]},"29":{"type":"branch","line":179,"loc":{"start":{"line":179,"column":69},"end":{"line":179,"column":96}},"locations":[{"start":{"line":179,"column":69},"end":{"line":179,"column":96}}]},"30":{"type":"branch","line":182,"loc":{"start":{"line":182,"column":37},"end":{"line":191,"column":25}},"locations":[{"start":{"line":182,"column":37},"end":{"line":191,"column":25}}]},"31":{"type":"branch","line":190,"loc":{"start":{"line":190,"column":19},"end":{"line":190,"column":60}},"locations":[{"start":{"line":190,"column":19},"end":{"line":190,"column":60}}]},"32":{"type":"branch","line":190,"loc":{"start":{"line":190,"column":56},"end":{"line":190,"column":86}},"locations":[{"start":{"line":190,"column":56},"end":{"line":190,"column":86}}]},"33":{"type":"branch","line":17,"loc":{"start":{"line":17,"column":29},"end":{"line":28,"column":4}},"locations":[{"start":{"line":17,"column":29},"end":{"line":28,"column":4}}]},"34":{"type":"branch","line":19,"loc":{"start":{"line":19,"column":6},"end":{"line":20,"column":57}},"locations":[{"start":{"line":19,"column":6},"end":{"line":20,"column":57}}]},"35":{"type":"branch","line":21,"loc":{"start":{"line":21,"column":6},"end":{"line":22,"column":69}},"locations":[{"start":{"line":21,"column":6},"end":{"line":22,"column":69}}]},"36":{"type":"branch","line":23,"loc":{"start":{"line":23,"column":6},"end":{"line":24,"column":68}},"locations":[{"start":{"line":23,"column":6},"end":{"line":24,"column":68}}]},"37":{"type":"branch","line":25,"loc":{"start":{"line":25,"column":6},"end":{"line":26,"column":43}},"locations":[{"start":{"line":25,"column":6},"end":{"line":26,"column":43}}]},"38":{"type":"branch","line":33,"loc":{"start":{"line":33,"column":29},"end":{"line":104,"column":10}},"locations":[{"start":{"line":33,"column":29},"end":{"line":104,"column":10}}]},"39":{"type":"branch","line":42,"loc":{"start":{"line":42,"column":8},"end":{"line":80,"column":11}},"locations":[{"start":{"line":42,"column":8},"end":{"line":80,"column":11}}]},"40":{"type":"branch","line":61,"loc":{"start":{"line":61,"column":46},"end":{"line":61,"column":81}},"locations":[{"start":{"line":61,"column":46},"end":{"line":61,"column":81}}]},"41":{"type":"branch","line":66,"loc":{"start":{"line":66,"column":30},"end":{"line":66,"column":47}},"locations":[{"start":{"line":66,"column":30},"end":{"line":66,"column":47}}]},"42":{"type":"branch","line":76,"loc":{"start":{"line":76,"column":23},"end":{"line":76,"column":41}},"locations":[{"start":{"line":76,"column":23},"end":{"line":76,"column":41}}]},"43":{"type":"branch","line":80,"loc":{"start":{"line":80,"column":8},"end":{"line":102,"column":14}},"locations":[{"start":{"line":80,"column":8},"end":{"line":102,"column":14}}]},"44":{"type":"branch","line":69,"loc":{"start":{"line":69,"column":21},"end":{"line":69,"column":47}},"locations":[{"start":{"line":69,"column":21},"end":{"line":69,"column":47}}]},"45":{"type":"branch","line":185,"loc":{"start":{"line":185,"column":27},"end":{"line":188,"column":20}},"locations":[{"start":{"line":185,"column":27},"end":{"line":188,"column":20}}]}},"b":{"0":[44],"1":[1],"2":[42],"3":[3],"4":[1],"5":[2],"6":[1],"7":[40],"8":[24],"9":[36],"10":[1],"11":[20],"12":[0],"13":[2],"14":[0],"15":[0],"16":[2],"17":[0],"18":[0],"19":[43],"20":[40],"21":[39],"22":[10],"23":[9],"24":[10],"25":[9],"26":[10],"27":[9],"28":[2],"29":[7],"30":[8],"31":[2],"32":[6],"33":[43],"34":[2],"35":[39],"36":[2],"37":[0],"38":[42],"39":[41],"40":[0],"41":[0],"42":[0],"43":[1],"44":[1],"45":[3]},"fnMap":{"0":{"name":"BookDisplay","decl":{"start":{"line":8,"column":0},"end":{"line":199,"column":1}},"loc":{"start":{"line":8,"column":0},"end":{"line":199,"column":1}},"line":8},"1":{"name":"getImageDimensions","decl":{"start":{"line":17,"column":29},"end":{"line":28,"column":4}},"loc":{"start":{"line":17,"column":29},"end":{"line":28,"column":4}},"line":17},"2":{"name":"OptimizedBookCover","decl":{"start":{"line":33,"column":29},"end":{"line":104,"column":10}},"loc":{"start":{"line":33,"column":29},"end":{"line":104,"column":10}},"line":33},"3":{"name":"onLoad","decl":{"start":{"line":68,"column":20},"end":{"line":68,"column":47}},"loc":{"start":{"line":68,"column":20},"end":{"line":68,"column":47}},"line":68},"4":{"name":"onError","decl":{"start":{"line":69,"column":21},"end":{"line":69,"column":47}},"loc":{"start":{"line":69,"column":21},"end":{"line":69,"column":47}},"line":69},"5":{"name":"onClick","decl":{"start":{"line":185,"column":27},"end":{"line":188,"column":20}},"loc":{"start":{"line":185,"column":27},"end":{"line":188,"column":20}},"line":185}},"f":{"0":44,"1":43,"2":42,"3":0,"4":1,"5":3}}
,"C:\\Users\\chokd\\Documents\\P3\\wonderbook pour aws\\WonderBook\\src\\components\\Books\\BookRatingForm\\BookRatingForm.jsx": {"path":"C:\\Users\\chokd\\Documents\\P3\\wonderbook pour aws\\WonderBook\\src\\components\\Books\\BookRatingForm\\BookRatingForm.jsx","all":false,"statementMap":{"0":{"start":{"line":1,"column":0},"end":{"line":1,"column":40}},"1":{"start":{"line":2,"column":0},"end":{"line":2,"column":34}},"2":{"start":{"line":3,"column":0},"end":{"line":3,"column":47}},"3":{"start":{"line":4,"column":0},"end":{"line":4,"column":42}},"4":{"start":{"line":5,"column":0},"end":{"line":5,"column":49}},"5":{"start":{"line":6,"column":0},"end":{"line":6,"column":75}},"6":{"start":{"line":7,"column":0},"end":{"line":7,"column":54}},"7":{"start":{"line":8,"column":0},"end":{"line":8,"column":53}},"8":{"start":{"line":9,"column":0},"end":{"line":9,"column":47}},"9":{"start":{"line":10,"column":0},"end":{"line":10,"column":57}},"11":{"start":{"line":12,"column":0},"end":{"line":12,"column":80}},"12":{"start":{"line":13,"column":0},"end":{"line":13,"column":44}},"13":{"start":{"line":14,"column":0},"end":{"line":14,"column":33}},"14":{"start":{"line":15,"column":0},"end":{"line":15,"column":33}},"15":{"start":{"line":16,"column":0},"end":{"line":16,"column":57}},"16":{"start":{"line":17,"column":0},"end":{"line":17,"column":21}},"17":{"start":{"line":18,"column":0},"end":{"line":18,"column":20}},"18":{"start":{"line":19,"column":0},"end":{"line":19,"column":16}},"19":{"start":{"line":20,"column":0},"end":{"line":20,"column":6}},"20":{"start":{"line":21,"column":0},"end":{"line":21,"column":5}},"21":{"start":{"line":22,"column":0},"end":{"line":22,"column":19}},"22":{"start":{"line":23,"column":0},"end":{"line":23,"column":39}},"23":{"start":{"line":24,"column":0},"end":{"line":24,"column":80}},"24":{"start":{"line":25,"column":0},"end":{"line":25,"column":36}},"25":{"start":{"line":26,"column":0},"end":{"line":26,"column":43}},"26":{"start":{"line":27,"column":0},"end":{"line":27,"column":5}},"27":{"start":{"line":28,"column":0},"end":{"line":28,"column":18}},"28":{"start":{"line":29,"column":0},"end":{"line":29,"column":32}},"29":{"start":{"line":30,"column":0},"end":{"line":30,"column":34}},"30":{"start":{"line":31,"column":0},"end":{"line":31,"column":35}},"31":{"start":{"line":32,"column":0},"end":{"line":32,"column":5}},"32":{"start":{"line":33,"column":0},"end":{"line":33,"column":54}},"33":{"start":{"line":34,"column":0},"end":{"line":34,"column":17}},"34":{"start":{"line":35,"column":0},"end":{"line":35,"column":45}},"35":{"start":{"line":36,"column":0},"end":{"line":36,"column":12}},"36":{"start":{"line":37,"column":0},"end":{"line":37,"column":20}},"37":{"start":{"line":38,"column":0},"end":{"line":38,"column":5}},"38":{"start":{"line":39,"column":0},"end":{"line":39,"column":4}},"39":{"start":{"line":40,"column":0},"end":{"line":40,"column":10}},"40":{"start":{"line":41,"column":0},"end":{"line":41,"column":43}},"41":{"start":{"line":42,"column":0},"end":{"line":42,"column":46}},"42":{"start":{"line":43,"column":0},"end":{"line":43,"column":89}},"43":{"start":{"line":44,"column":0},"end":{"line":44,"column":38}},"44":{"start":{"line":45,"column":0},"end":{"line":45,"column":85}},"45":{"start":{"line":46,"column":0},"end":{"line":46,"column":14}},"46":{"start":{"line":47,"column":0},"end":{"line":47,"column":88}},"47":{"start":{"line":48,"column":0},"end":{"line":48,"column":13}},"48":{"start":{"line":49,"column":0},"end":{"line":49,"column":10}},"50":{"start":{"line":51,"column":0},"end":{"line":51,"column":1}},"52":{"start":{"line":53,"column":0},"end":{"line":53,"column":28}},"53":{"start":{"line":54,"column":0},"end":{"line":54,"column":38}},"54":{"start":{"line":55,"column":0},"end":{"line":55,"column":39}},"55":{"start":{"line":56,"column":0},"end":{"line":56,"column":38}},"56":{"start":{"line":57,"column":0},"end":{"line":57,"column":37}},"57":{"start":{"line":58,"column":0},"end":{"line":58,"column":34}},"58":{"start":{"line":59,"column":0},"end":{"line":59,"column":39}},"59":{"start":{"line":60,"column":0},"end":{"line":60,"column":2}},"61":{"start":{"line":62,"column":0},"end":{"line":62,"column":30}}},"s":{"0":1,"1":1,"2":1,"3":1,"4":1,"5":1,"6":1,"7":1,"8":1,"9":1,"11":9,"12":9,"13":9,"14":9,"15":9,"16":9,"17":9,"18":9,"19":9,"20":9,"21":9,"22":9,"23":0,"24":0,"25":0,"26":0,"27":9,"28":9,"29":0,"30":0,"31":0,"32":0,"33":0,"34":0,"35":0,"36":0,"37":0,"38":0,"39":9,"40":9,"41":9,"42":9,"43":9,"44":9,"45":9,"46":9,"47":9,"48":9,"50":9,"52":1,"53":1,"54":1,"55":1,"56":1,"57":1,"58":1,"59":1,"61":1},"branchMap":{"0":{"type":"branch","line":12,"loc":{"start":{"line":12,"column":0},"end":{"line":51,"column":1}},"locations":[{"start":{"line":12,"column":0},"end":{"line":51,"column":1}}]},"1":{"type":"branch","line":43,"loc":{"start":{"line":43,"column":21},"end":{"line":43,"column":55}},"locations":[{"start":{"line":43,"column":21},"end":{"line":43,"column":55}}]},"2":{"type":"branch","line":43,"loc":{"start":{"line":43,"column":51},"end":{"line":43,"column":85}},"locations":[{"start":{"line":43,"column":51},"end":{"line":43,"column":85}}]},"3":{"type":"branch","line":45,"loc":{"start":{"line":45,"column":12},"end":{"line":45,"column":64}},"locations":[{"start":{"line":45,"column":12},"end":{"line":45,"column":64}}]},"4":{"type":"branch","line":45,"loc":{"start":{"line":45,"column":60},"end":{"line":45,"column":85}},"locations":[{"start":{"line":45,"column":60},"end":{"line":45,"column":85}}]},"5":{"type":"branch","line":47,"loc":{"start":{"line":47,"column":10},"end":{"line":47,"column":83}},"locations":[{"start":{"line":47,"column":10},"end":{"line":47,"column":83}}]},"6":{"type":"branch","line":47,"loc":{"start":{"line":47,"column":71},"end":{"line":47,"column":88}},"locations":[{"start":{"line":47,"column":71},"end":{"line":47,"column":88}}]},"7":{"type":"branch","line":22,"loc":{"start":{"line":22,"column":12},"end":{"line":28,"column":5}},"locations":[{"start":{"line":22,"column":12},"end":{"line":28,"column":5}}]},"8":{"type":"branch","line":23,"loc":{"start":{"line":23,"column":38},"end":{"line":27,"column":5}},"locations":[{"start":{"line":23,"column":38},"end":{"line":27,"column":5}}]}},"b":{"0":[9],"1":[8],"2":[1],"3":[7],"4":[2],"5":[7],"6":[2],"7":[9],"8":[0]},"fnMap":{"0":{"name":"BookRatingForm","decl":{"start":{"line":12,"column":0},"end":{"line":51,"column":1}},"loc":{"start":{"line":12,"column":0},"end":{"line":51,"column":1}},"line":12},"1":{"name":"onSubmit","decl":{"start":{"line":29,"column":19},"end":{"line":39,"column":4}},"loc":{"start":{"line":29,"column":19},"end":{"line":39,"column":4}},"line":29}},"f":{"0":9,"1":0}}
,"C:\\Users\\chokd\\Documents\\P3\\wonderbook pour aws\\WonderBook\\src\\components\\Books\\LastBook\\LastBook.jsx": {"path":"C:\\Users\\chokd\\Documents\\P3\\wonderbook pour aws\\WonderBook\\src\\components\\Books\\LastBook\\LastBook.jsx","all":false,"statementMap":{"0":{"start":{"line":1,"column":0},"end":{"line":1,"column":31}},"1":{"start":{"line":2,"column":0},"end":{"line":2,"column":35}},"2":{"start":{"line":3,"column":0},"end":{"line":3,"column":53}},"3":{"start":{"line":4,"column":0},"end":{"line":4,"column":47}},"4":{"start":{"line":5,"column":0},"end":{"line":5,"column":43}},"6":{"start":{"line":7,"column":0},"end":{"line":7,"column":62}},"7":{"start":{"line":8,"column":0},"end":{"line":8,"column":33}},"8":{"start":{"line":9,"column":0},"end":{"line":9,"column":33}},"9":{"start":{"line":10,"column":0},"end":{"line":10,"column":31}},"10":{"start":{"line":11,"column":0},"end":{"line":11,"column":35}},"11":{"start":{"line":12,"column":0},"end":{"line":12,"column":29}},"12":{"start":{"line":13,"column":0},"end":{"line":13,"column":32}},"13":{"start":{"line":14,"column":0},"end":{"line":14,"column":64}},"14":{"start":{"line":15,"column":0},"end":{"line":15,"column":25}},"15":{"start":{"line":16,"column":0},"end":{"line":16,"column":7}},"16":{"start":{"line":17,"column":0},"end":{"line":17,"column":4}},"18":{"start":{"line":19,"column":0},"end":{"line":19,"column":58}},"20":{"start":{"line":21,"column":0},"end":{"line":21,"column":17}},"21":{"start":{"line":22,"column":0},"end":{"line":22,"column":33}},"22":{"start":{"line":23,"column":0},"end":{"line":23,"column":43}},"23":{"start":{"line":24,"column":0},"end":{"line":24,"column":95}},"24":{"start":{"line":25,"column":0},"end":{"line":25,"column":8}},"26":{"start":{"line":27,"column":0},"end":{"line":27,"column":46}},"29":{"start":{"line":30,"column":0},"end":{"line":30,"column":10}},"30":{"start":{"line":31,"column":0},"end":{"line":31,"column":41}},"31":{"start":{"line":32,"column":0},"end":{"line":32,"column":74}},"33":{"start":{"line":34,"column":0},"end":{"line":34,"column":15}},"34":{"start":{"line":35,"column":0},"end":{"line":35,"column":51}},"35":{"start":{"line":36,"column":0},"end":{"line":36,"column":17}},"36":{"start":{"line":37,"column":0},"end":{"line":37,"column":12}},"37":{"start":{"line":38,"column":0},"end":{"line":38,"column":75}},"39":{"start":{"line":40,"column":0},"end":{"line":40,"column":15}},"40":{"start":{"line":41,"column":0},"end":{"line":41,"column":14}},"42":{"start":{"line":43,"column":0},"end":{"line":43,"column":1}},"44":{"start":{"line":45,"column":0},"end":{"line":45,"column":23}},"45":{"start":{"line":46,"column":0},"end":{"line":46,"column":34}},"46":{"start":{"line":47,"column":0},"end":{"line":47,"column":26}},"47":{"start":{"line":48,"column":0},"end":{"line":48,"column":2}},"49":{"start":{"line":50,"column":0},"end":{"line":50,"column":25}}},"s":{"0":1,"1":1,"2":1,"3":1,"4":1,"6":18,"7":18,"8":18,"9":18,"10":5,"11":5,"12":5,"13":5,"14":5,"15":5,"16":5,"18":18,"20":16,"21":16,"22":12,"23":40,"24":12,"26":4,"29":18,"30":18,"31":18,"33":18,"34":18,"35":18,"36":18,"37":18,"39":18,"40":18,"42":18,"44":1,"45":1,"46":1,"47":1,"49":1},"branchMap":{"0":{"type":"branch","line":7,"loc":{"start":{"line":7,"column":0},"end":{"line":43,"column":1}},"locations":[{"start":{"line":7,"column":0},"end":{"line":43,"column":1}}]},"1":{"type":"branch","line":19,"loc":{"start":{"line":19,"column":15},"end":{"line":19,"column":58}},"locations":[{"start":{"line":19,"column":15},"end":{"line":19,"column":58}}]},"2":{"type":"branch","line":19,"loc":{"start":{"line":19,"column":52},"end":{"line":22,"column":33}},"locations":[{"start":{"line":19,"column":52},"end":{"line":22,"column":33}}]},"3":{"type":"branch","line":22,"loc":{"start":{"line":22,"column":28},"end":{"line":25,"column":8}},"locations":[{"start":{"line":22,"column":28},"end":{"line":25,"column":8}}]},"4":{"type":"branch","line":25,"loc":{"start":{"line":25,"column":7},"end":{"line":27,"column":46}},"locations":[{"start":{"line":25,"column":7},"end":{"line":27,"column":46}}]},"5":{"type":"branch","line":10,"loc":{"start":{"line":10,"column":17},"end":{"line":17,"column":4}},"locations":[{"start":{"line":10,"column":17},"end":{"line":17,"column":4}}]},"6":{"type":"branch","line":11,"loc":{"start":{"line":11,"column":28},"end":{"line":11,"column":35}},"locations":[{"start":{"line":11,"column":28},"end":{"line":11,"column":35}}]},"7":{"type":"branch","line":14,"loc":{"start":{"line":14,"column":26},"end":{"line":14,"column":51}},"locations":[{"start":{"line":14,"column":26},"end":{"line":14,"column":51}}]},"8":{"type":"branch","line":14,"loc":{"start":{"line":14,"column":36},"end":{"line":14,"column":64}},"locations":[{"start":{"line":14,"column":36},"end":{"line":14,"column":64}}]},"9":{"type":"branch","line":23,"loc":{"start":{"line":23,"column":25},"end":{"line":24,"column":95}},"locations":[{"start":{"line":23,"column":25},"end":{"line":24,"column":95}}]},"10":{"type":"branch","line":24,"loc":{"start":{"line":24,"column":39},"end":{"line":24,"column":68}},"locations":[{"start":{"line":24,"column":39},"end":{"line":24,"column":68}}]},"11":{"type":"branch","line":32,"loc":{"start":{"line":32,"column":52},"end":{"line":32,"column":74}},"locations":[{"start":{"line":32,"column":52},"end":{"line":32,"column":74}}]},"12":{"type":"branch","line":38,"loc":{"start":{"line":38,"column":52},"end":{"line":38,"column":75}},"locations":[{"start":{"line":38,"column":52},"end":{"line":38,"column":75}}]}},"b":{"0":[18],"1":[2],"2":[16],"3":[12],"4":[4],"5":[5],"6":[0],"7":[3],"8":[2],"9":[40],"10":[2],"11":[3],"12":[2]},"fnMap":{"0":{"name":"LastBooks","decl":{"start":{"line":7,"column":0},"end":{"line":43,"column":1}},"loc":{"start":{"line":7,"column":0},"end":{"line":43,"column":1}},"line":7},"1":{"name":"scroll","decl":{"start":{"line":10,"column":17},"end":{"line":17,"column":4}},"loc":{"start":{"line":10,"column":17},"end":{"line":17,"column":4}},"line":10},"2":{"name":"onClick","decl":{"start":{"line":32,"column":52},"end":{"line":32,"column":74}},"loc":{"start":{"line":32,"column":52},"end":{"line":32,"column":74}},"line":32},"3":{"name":"onClick","decl":{"start":{"line":38,"column":52},"end":{"line":38,"column":75}},"loc":{"start":{"line":38,"column":52},"end":{"line":38,"column":75}},"line":38}},"f":{"0":18,"1":5,"2":3,"3":2}}
,"C:\\Users\\chokd\\Documents\\P3\\wonderbook pour aws\\WonderBook\\src\\components\\DropdownMenu\\DropdownMenu.jsx": {"path":"C:\\Users\\chokd\\Documents\\P3\\wonderbook pour aws\\WonderBook\\src\\components\\DropdownMenu\\DropdownMenu.jsx","all":false,"statementMap":{"0":{"start":{"line":1,"column":0},"end":{"line":1,"column":52}},"1":{"start":{"line":2,"column":0},"end":{"line":2,"column":47}},"2":{"start":{"line":3,"column":0},"end":{"line":3,"column":54}},"3":{"start":{"line":4,"column":0},"end":{"line":4,"column":55}},"4":{"start":{"line":5,"column":0},"end":{"line":5,"column":47}},"6":{"start":{"line":7,"column":0},"end":{"line":7,"column":45}},"7":{"start":{"line":8,"column":0},"end":{"line":8,"column":33}},"9":{"start":{"line":10,"column":0},"end":{"line":10,"column":100}},"11":{"start":{"line":12,"column":0},"end":{"line":12,"column":46}},"12":{"start":{"line":13,"column":0},"end":{"line":13,"column":35}},"14":{"start":{"line":15,"column":0},"end":{"line":15,"column":57}},"16":{"start":{"line":17,"column":0},"end":{"line":17,"column":50}},"18":{"start":{"line":19,"column":0},"end":{"line":19,"column":19}},"19":{"start":{"line":20,"column":0},"end":{"line":20,"column":41}},"20":{"start":{"line":21,"column":0},"end":{"line":21,"column":79}},"21":{"start":{"line":22,"column":0},"end":{"line":22,"column":25}},"22":{"start":{"line":23,"column":0},"end":{"line":23,"column":7}},"23":{"start":{"line":24,"column":0},"end":{"line":24,"column":6}},"25":{"start":{"line":26,"column":0},"end":{"line":26,"column":17}},"26":{"start":{"line":27,"column":0},"end":{"line":27,"column":65}},"27":{"start":{"line":28,"column":0},"end":{"line":28,"column":5}},"28":{"start":{"line":29,"column":0},"end":{"line":29,"column":18}},"29":{"start":{"line":30,"column":0},"end":{"line":30,"column":68}},"30":{"start":{"line":31,"column":0},"end":{"line":31,"column":6}},"31":{"start":{"line":32,"column":0},"end":{"line":32,"column":15}},"33":{"start":{"line":34,"column":0},"end":{"line":34,"column":48}},"34":{"start":{"line":35,"column":0},"end":{"line":35,"column":71}},"35":{"start":{"line":36,"column":0},"end":{"line":36,"column":58}},"36":{"start":{"line":37,"column":0},"end":{"line":37,"column":37}},"37":{"start":{"line":38,"column":0},"end":{"line":38,"column":47}},"38":{"start":{"line":39,"column":0},"end":{"line":39,"column":29}},"40":{"start":{"line":41,"column":0},"end":{"line":41,"column":45}},"41":{"start":{"line":42,"column":0},"end":{"line":42,"column":4}},"43":{"start":{"line":44,"column":0},"end":{"line":44,"column":10}},"44":{"start":{"line":45,"column":0},"end":{"line":45,"column":64}},"45":{"start":{"line":46,"column":0},"end":{"line":46,"column":13}},"46":{"start":{"line":47,"column":0},"end":{"line":47,"column":85}},"47":{"start":{"line":48,"column":0},"end":{"line":48,"column":21}},"48":{"start":{"line":49,"column":0},"end":{"line":49,"column":33}},"49":{"start":{"line":50,"column":0},"end":{"line":50,"column":38}},"50":{"start":{"line":51,"column":0},"end":{"line":51,"column":15}},"52":{"start":{"line":53,"column":0},"end":{"line":53,"column":18}},"53":{"start":{"line":54,"column":0},"end":{"line":54,"column":50}},"54":{"start":{"line":55,"column":0},"end":{"line":55,"column":60}},"55":{"start":{"line":56,"column":0},"end":{"line":56,"column":60}},"57":{"start":{"line":58,"column":0},"end":{"line":58,"column":34}},"58":{"start":{"line":59,"column":0},"end":{"line":59,"column":14}},"59":{"start":{"line":60,"column":0},"end":{"line":60,"column":52}},"60":{"start":{"line":61,"column":0},"end":{"line":61,"column":55}},"61":{"start":{"line":62,"column":0},"end":{"line":62,"column":53}},"62":{"start":{"line":63,"column":0},"end":{"line":63,"column":25}},"63":{"start":{"line":64,"column":0},"end":{"line":64,"column":26}},"64":{"start":{"line":65,"column":0},"end":{"line":65,"column":34}},"65":{"start":{"line":66,"column":0},"end":{"line":66,"column":35}},"66":{"start":{"line":67,"column":0},"end":{"line":67,"column":32}},"67":{"start":{"line":68,"column":0},"end":{"line":68,"column":53}},"68":{"start":{"line":69,"column":0},"end":{"line":69,"column":60}},"69":{"start":{"line":70,"column":0},"end":{"line":70,"column":22}},"70":{"start":{"line":71,"column":0},"end":{"line":71,"column":43}},"71":{"start":{"line":72,"column":0},"end":{"line":72,"column":26}},"72":{"start":{"line":73,"column":0},"end":{"line":73,"column":25}},"73":{"start":{"line":74,"column":0},"end":{"line":74,"column":26}},"74":{"start":{"line":75,"column":0},"end":{"line":75,"column":34}},"75":{"start":{"line":76,"column":0},"end":{"line":76,"column":35}},"76":{"start":{"line":77,"column":0},"end":{"line":77,"column":32}},"77":{"start":{"line":78,"column":0},"end":{"line":78,"column":53}},"78":{"start":{"line":79,"column":0},"end":{"line":79,"column":60}},"79":{"start":{"line":80,"column":0},"end":{"line":80,"column":22}},"80":{"start":{"line":81,"column":0},"end":{"line":81,"column":42}},"81":{"start":{"line":82,"column":0},"end":{"line":82,"column":26}},"82":{"start":{"line":83,"column":0},"end":{"line":83,"column":22}},"83":{"start":{"line":84,"column":0},"end":{"line":84,"column":20}},"85":{"start":{"line":86,"column":0},"end":{"line":86,"column":50}},"86":{"start":{"line":87,"column":0},"end":{"line":87,"column":40}},"87":{"start":{"line":88,"column":0},"end":{"line":88,"column":69}},"88":{"start":{"line":89,"column":0},"end":{"line":89,"column":27}},"89":{"start":{"line":90,"column":0},"end":{"line":90,"column":28}},"90":{"start":{"line":91,"column":0},"end":{"line":91,"column":39}},"91":{"start":{"line":92,"column":0},"end":{"line":92,"column":71}},"92":{"start":{"line":93,"column":0},"end":{"line":93,"column":71}},"93":{"start":{"line":94,"column":0},"end":{"line":94,"column":34}},"94":{"start":{"line":95,"column":0},"end":{"line":95,"column":98}},"96":{"start":{"line":97,"column":0},"end":{"line":97,"column":24}},"97":{"start":{"line":98,"column":0},"end":{"line":98,"column":32}},"98":{"start":{"line":99,"column":0},"end":{"line":99,"column":28}},"99":{"start":{"line":100,"column":0},"end":{"line":100,"column":23}},"100":{"start":{"line":101,"column":0},"end":{"line":101,"column":19}},"101":{"start":{"line":102,"column":0},"end":{"line":102,"column":19}},"102":{"start":{"line":103,"column":0},"end":{"line":103,"column":15}},"104":{"start":{"line":105,"column":0},"end":{"line":105,"column":14}},"106":{"start":{"line":107,"column":0},"end":{"line":107,"column":10}},"108":{"start":{"line":109,"column":0},"end":{"line":109,"column":1}},"110":{"start":{"line":111,"column":0},"end":{"line":111,"column":28}}},"s":{"0":1,"1":1,"2":1,"3":1,"4":1,"6":54,"7":54,"9":54,"11":54,"12":54,"14":54,"16":54,"18":54,"19":42,"20":2,"21":1,"22":1,"23":2,"25":42,"26":12,"27":12,"28":42,"29":42,"30":42,"31":54,"33":54,"34":4,"35":1,"36":3,"37":3,"38":0,"40":4,"41":4,"43":54,"44":54,"45":54,"46":54,"47":54,"48":54,"49":54,"50":54,"52":54,"53":12,"54":12,"55":12,"57":12,"58":10,"59":10,"60":10,"61":10,"62":10,"63":10,"64":10,"65":10,"66":10,"67":10,"68":10,"69":10,"70":10,"71":10,"72":10,"73":10,"74":10,"75":10,"76":10,"77":10,"78":10,"79":10,"80":10,"81":10,"82":10,"83":10,"85":10,"86":10,"87":10,"88":10,"89":10,"90":10,"91":10,"92":10,"93":10,"94":10,"96":10,"97":10,"98":10,"99":10,"100":10,"101":10,"102":10,"104":12,"106":54,"108":54,"110":1},"branchMap":{"0":{"type":"branch","line":7,"loc":{"start":{"line":7,"column":0},"end":{"line":109,"column":1}},"locations":[{"start":{"line":7,"column":0},"end":{"line":109,"column":1}}]},"1":{"type":"branch","line":47,"loc":{"start":{"line":47,"column":47},"end":{"line":47,"column":80}},"locations":[{"start":{"line":47,"column":47},"end":{"line":47,"column":80}}]},"2":{"type":"branch","line":47,"loc":{"start":{"line":47,"column":65},"end":{"line":47,"column":82}},"locations":[{"start":{"line":47,"column":65},"end":{"line":47,"column":82}}]},"3":{"type":"branch","line":53,"loc":{"start":{"line":53,"column":7},"end":{"line":105,"column":14}},"locations":[{"start":{"line":53,"column":7},"end":{"line":105,"column":14}}]},"4":{"type":"branch","line":55,"loc":{"start":{"line":55,"column":11},"end":{"line":55,"column":60}},"locations":[{"start":{"line":55,"column":11},"end":{"line":55,"column":60}}]},"5":{"type":"branch","line":56,"loc":{"start":{"line":56,"column":11},"end":{"line":56,"column":60}},"locations":[{"start":{"line":56,"column":11},"end":{"line":56,"column":60}}]},"6":{"type":"branch","line":58,"loc":{"start":{"line":58,"column":12},"end":{"line":58,"column":34}},"locations":[{"start":{"line":58,"column":12},"end":{"line":58,"column":34}}]},"7":{"type":"branch","line":58,"loc":{"start":{"line":58,"column":24},"end":{"line":103,"column":15}},"locations":[{"start":{"line":58,"column":24},"end":{"line":103,"column":15}}]},"8":{"type":"branch","line":17,"loc":{"start":{"line":17,"column":25},"end":{"line":17,"column":50}},"locations":[{"start":{"line":17,"column":25},"end":{"line":17,"column":50}}]},"9":{"type":"branch","line":19,"loc":{"start":{"line":19,"column":12},"end":{"line":32,"column":5}},"locations":[{"start":{"line":19,"column":12},"end":{"line":32,"column":5}}]},"10":{"type":"branch","line":26,"loc":{"start":{"line":26,"column":16},"end":{"line":28,"column":5}},"locations":[{"start":{"line":26,"column":16},"end":{"line":28,"column":5}}]},"11":{"type":"branch","line":20,"loc":{"start":{"line":20,"column":31},"end":{"line":24,"column":6}},"locations":[{"start":{"line":20,"column":31},"end":{"line":24,"column":6}}]},"12":{"type":"branch","line":21,"loc":{"start":{"line":21,"column":78},"end":{"line":23,"column":7}},"locations":[{"start":{"line":21,"column":78},"end":{"line":23,"column":7}}]},"13":{"type":"branch","line":29,"loc":{"start":{"line":29,"column":11},"end":{"line":31,"column":6}},"locations":[{"start":{"line":29,"column":11},"end":{"line":31,"column":6}}]},"14":{"type":"branch","line":34,"loc":{"start":{"line":34,"column":31},"end":{"line":42,"column":4}},"locations":[{"start":{"line":34,"column":31},"end":{"line":42,"column":4}}]},"15":{"type":"branch","line":35,"loc":{"start":{"line":35,"column":70},"end":{"line":36,"column":58}},"locations":[{"start":{"line":35,"column":70},"end":{"line":36,"column":58}}]},"16":{"type":"branch","line":36,"loc":{"start":{"line":36,"column":57},"end":{"line":39,"column":29}},"locations":[{"start":{"line":36,"column":57},"end":{"line":39,"column":29}}]},"17":{"type":"branch","line":38,"loc":{"start":{"line":38,"column":46},"end":{"line":39,"column":29}},"locations":[{"start":{"line":38,"column":46},"end":{"line":39,"column":29}}]},"18":{"type":"branch","line":36,"loc":{"start":{"line":36,"column":34},"end":{"line":36,"column":57}},"locations":[{"start":{"line":36,"column":34},"end":{"line":36,"column":57}}]},"19":{"type":"branch","line":79,"loc":{"start":{"line":79,"column":32},"end":{"line":79,"column":60}},"locations":[{"start":{"line":79,"column":32},"end":{"line":79,"column":60}}]},"20":{"type":"branch","line":87,"loc":{"start":{"line":87,"column":32},"end":{"line":100,"column":23}},"locations":[{"start":{"line":87,"column":32},"end":{"line":100,"column":23}}]},"21":{"type":"branch","line":95,"loc":{"start":{"line":95,"column":63},"end":{"line":95,"column":98}},"locations":[{"start":{"line":95,"column":63},"end":{"line":95,"column":98}}]},"22":{"type":"branch","line":93,"loc":{"start":{"line":93,"column":34},"end":{"line":93,"column":71}},"locations":[{"start":{"line":93,"column":34},"end":{"line":93,"column":71}}]}},"b":{"0":[54],"1":[1],"2":[53],"3":[12],"4":[1],"5":[1],"6":[11],"7":[10],"8":[13],"9":[42],"10":[12],"11":[2],"12":[1],"13":[42],"14":[4],"15":[1],"16":[3],"17":[0],"18":[1],"19":[1],"20":[10],"21":[7],"22":[4]},"fnMap":{"0":{"name":"DropdownMenu","decl":{"start":{"line":7,"column":0},"end":{"line":109,"column":1}},"loc":{"start":{"line":7,"column":0},"end":{"line":109,"column":1}},"line":7},"1":{"name":"toggleDropdown","decl":{"start":{"line":17,"column":25},"end":{"line":17,"column":50}},"loc":{"start":{"line":17,"column":25},"end":{"line":17,"column":50}},"line":17},"2":{"name":"handleClickOutside","decl":{"start":{"line":20,"column":31},"end":{"line":24,"column":6}},"loc":{"start":{"line":20,"column":31},"end":{"line":24,"column":6}},"line":20},"3":{"name":"handleCategorySelect","decl":{"start":{"line":34,"column":31},"end":{"line":42,"column":4}},"loc":{"start":{"line":34,"column":31},"end":{"line":42,"column":4}},"line":34},"4":{"name":"onChange","decl":{"start":{"line":69,"column":32},"end":{"line":69,"column":60}},"loc":{"start":{"line":69,"column":32},"end":{"line":69,"column":60}},"line":69},"5":{"name":"onChange","decl":{"start":{"line":79,"column":32},"end":{"line":79,"column":60}},"loc":{"start":{"line":79,"column":32},"end":{"line":79,"column":60}},"line":79},"6":{"name":"onChange","decl":{"start":{"line":93,"column":34},"end":{"line":93,"column":71}},"loc":{"start":{"line":93,"column":34},"end":{"line":93,"column":71}
[...]
line":58,"column":0},"end":{"line":58,"column":13}},"58":{"start":{"line":59,"column":0},"end":{"line":59,"column":36}},"59":{"start":{"line":60,"column":0},"end":{"line":60,"column":4}},"61":{"start":{"line":62,"column":0},"end":{"line":62,"column":10}},"62":{"start":{"line":63,"column":0},"end":{"line":63,"column":44}},"63":{"start":{"line":64,"column":0},"end":{"line":64,"column":58}},"64":{"start":{"line":65,"column":0},"end":{"line":65,"column":58}},"65":{"start":{"line":66,"column":0},"end":{"line":66,"column":72}},"66":{"start":{"line":67,"column":0},"end":{"line":67,"column":4}},"67":{"start":{"line":68,"column":0},"end":{"line":68,"column":2}},"69":{"start":{"line":70,"column":0},"end":{"line":70,"column":27}},"70":{"start":{"line":71,"column":0},"end":{"line":71,"column":12}},"71":{"start":{"line":72,"column":0},"end":{"line":72,"column":23}},"72":{"start":{"line":73,"column":0},"end":{"line":73,"column":18}},"73":{"start":{"line":74,"column":0},"end":{"line":74,"column":28}},"74":{"start":{"line":75,"column":0},"end":{"line":75,"column":22}},"75":{"start":{"line":76,"column":0},"end":{"line":76,"column":34}},"76":{"start":{"line":77,"column":0},"end":{"line":77,"column":28}},"77":{"start":{"line":78,"column":0},"end":{"line":78,"column":18}},"78":{"start":{"line":79,"column":0},"end":{"line":79,"column":23}},"79":{"start":{"line":80,"column":0},"end":{"line":80,"column":24}},"80":{"start":{"line":81,"column":0},"end":{"line":81,"column":32}},"81":{"start":{"line":82,"column":0},"end":{"line":82,"column":43}},"82":{"start":{"line":83,"column":0},"end":{"line":83,"column":18}},"83":{"start":{"line":84,"column":0},"end":{"line":84,"column":2}}},"s":{"1":1,"3":1,"4":1,"5":1,"6":1,"7":1,"8":1,"9":1,"10":1,"11":1,"12":1,"13":1,"14":1,"15":1,"17":1,"18":1,"19":1,"21":1,"22":1,"23":1,"25":1,"26":1,"27":1,"28":1,"29":1,"30":1,"31":1,"33":1,"34":1,"35":1,"36":1,"37":1,"38":1,"39":1,"41":1,"42":1,"43":1,"44":1,"45":1,"47":1,"48":1,"49":1,"50":1,"51":1,"52":1,"53":1,"54":1,"55":1,"57":1,"58":1,"59":1,"61":1,"62":1,"63":1,"64":1,"65":1,"66":1,"67":1,"69":1,"70":1,"71":1,"72":1,"73":1,"74":1,"75":1,"76":1,"77":1,"78":1,"79":1,"80":1,"81":1,"82":1,"83":1},"branchMap":{},"b":{},"fnMap":{"0":{"name":"UPDATE_NOTICE","decl":{"start":{"line":38,"column":19},"end":{"line":38,"column":59}},"loc":{"start":{"line":38,"column":19},"end":{"line":38,"column":59}},"line":38},"1":{"name":"LOCK_TOPIC","decl":{"start":{"line":39,"column":16},"end":{"line":39,"column":57}},"loc":{"start":{"line":39,"column":16},"end":{"line":39,"column":57}},"line":39},"2":{"name":"GET_BY_TOPIC","decl":{"start":{"line":44,"column":18},"end":{"line":44,"column":53}},"loc":{"start":{"line":44,"column":18},"end":{"line":44,"column":53}},"line":44},"3":{"name":"DELETE_POST","decl":{"start":{"line":45,"column":17},"end":{"line":45,"column":52}},"loc":{"start":{"line":45,"column":17},"end":{"line":45,"column":52}},"line":45},"4":{"name":"REMOVE","decl":{"start":{"line":51,"column":12},"end":{"line":51,"column":60}},"loc":{"start":{"line":51,"column":12},"end":{"line":51,"column":60}},"line":51},"5":{"name":"UPDATE_READ","decl":{"start":{"line":52,"column":17},"end":{"line":52,"column":65}},"loc":{"start":{"line":52,"column":17},"end":{"line":52,"column":65}},"line":52},"6":{"name":"GET_PROGRESS","decl":{"start":{"line":54,"column":18},"end":{"line":54,"column":75}},"loc":{"start":{"line":54,"column":18},"end":{"line":54,"column":75}},"line":54},"7":{"name":"SAVE_PROGRESS","decl":{"start":{"line":55,"column":19},"end":{"line":55,"column":76}},"loc":{"start":{"line":55,"column":19},"end":{"line":55,"column":76}},"line":55},"8":{"name":"UPDATE_USER","decl":{"start":{"line":64,"column":17},"end":{"line":64,"column":58}},"loc":{"start":{"line":64,"column":17},"end":{"line":64,"column":58}},"line":64},"9":{"name":"DELETE_USER","decl":{"start":{"line":65,"column":17},"end":{"line":65,"column":58}},"loc":{"start":{"line":65,"column":17},"end":{"line":65,"column":58}},"line":65},"10":{"name":"UPDATE_USER_STATUS","decl":{"start":{"line":66,"column":24},"end":{"line":66,"column":72}},"loc":{"start":{"line":66,"column":24},"end":{"line":66,"column":72}},"line":66}},"f":{"0":0,"1":0,"2":0,"3":0,"4":0,"5":0,"6":0,"7":0,"8":0,"9":0,"10":0}}
,"C:\\Users\\chokd\\Documents\\P3\\wonderbook pour aws\\WonderBook\\src\\utils\\formatBooks.jsx": {"path":"C:\\Users\\chokd\\Documents\\P3\\wonderbook pour aws\\WonderBook\\src\\utils\\formatBooks.jsx","all":false,"statementMap":{"2":{"start":{"line":3,"column":0},"end":{"line":3,"column":98}},"5":{"start":{"line":6,"column":0},"end":{"line":6,"column":36}},"6":{"start":{"line":7,"column":0},"end":{"line":7,"column":29}},"7":{"start":{"line":8,"column":0},"end":{"line":8,"column":24}},"8":{"start":{"line":9,"column":0},"end":{"line":9,"column":41}},"9":{"start":{"line":10,"column":0},"end":{"line":10,"column":42}},"10":{"start":{"line":11,"column":0},"end":{"line":11,"column":44}},"11":{"start":{"line":12,"column":0},"end":{"line":12,"column":28}},"12":{"start":{"line":13,"column":0},"end":{"line":13,"column":56}},"13":{"start":{"line":14,"column":0},"end":{"line":14,"column":74}},"14":{"start":{"line":15,"column":0},"end":{"line":15,"column":71}},"15":{"start":{"line":16,"column":0},"end":{"line":16,"column":47}},"16":{"start":{"line":17,"column":0},"end":{"line":17,"column":38}},"17":{"start":{"line":18,"column":0},"end":{"line":18,"column":43}},"18":{"start":{"line":19,"column":0},"end":{"line":19,"column":6}},"19":{"start":{"line":20,"column":0},"end":{"line":20,"column":1}}},"s":{"2":1,"5":1,"6":15,"7":17,"8":17,"9":17,"10":17,"11":17,"12":17,"13":17,"14":17,"15":17,"16":17,"17":17,"18":15,"19":15},"branchMap":{"0":{"type":"branch","line":6,"loc":{"start":{"line":6,"column":7},"end":{"line":20,"column":1}},"locations":[{"start":{"line":6,"column":7},"end":{"line":20,"column":1}}]},"1":{"type":"branch","line":7,"loc":{"start":{"line":7,"column":19},"end":{"line":19,"column":4}},"locations":[{"start":{"line":7,"column":19},"end":{"line":19,"column":4}}]},"2":{"type":"branch","line":9,"loc":{"start":{"line":9,"column":16},"end":{"line":9,"column":41}},"locations":[{"start":{"line":9,"column":16},"end":{"line":9,"column":41}}]},"3":{"type":"branch","line":10,"loc":{"start":{"line":10,"column":23},"end":{"line":10,"column":42}},"locations":[{"start":{"line":10,"column":23},"end":{"line":10,"column":42}}]},"4":{"type":"branch","line":11,"loc":{"start":{"line":11,"column":17},"end":{"line":11,"column":44}},"locations":[{"start":{"line":11,"column":17},"end":{"line":11,"column":44}}]},"5":{"type":"branch","line":12,"loc":{"start":{"line":12,"column":15},"end":{"line":12,"column":28}},"locations":[{"start":{"line":12,"column":15},"end":{"line":12,"column":28}}]},"6":{"type":"branch","line":13,"loc":{"start":{"line":13,"column":18},"end":{"line":13,"column":56}},"locations":[{"start":{"line":13,"column":18},"end":{"line":13,"column":56}}]},"7":{"type":"branch","line":14,"loc":{"start":{"line":14,"column":21},"end":{"line":14,"column":42}},"locations":[{"start":{"line":14,"column":21},"end":{"line":14,"column":42}}]},"8":{"type":"branch","line":14,"loc":{"start":{"line":14,"column":66},"end":{"line":14,"column":74}},"locations":[{"start":{"line":14,"column":66},"end":{"line":14,"column":74}}]},"9":{"type":"branch","line":15,"loc":{"start":{"line":15,"column":18},"end":{"line":15,"column":39}},"locations":[{"start":{"line":15,"column":18},"end":{"line":15,"column":39}}]},"10":{"type":"branch","line":15,"loc":{"start":{"line":15,"column":63},"end":{"line":15,"column":71}},"locations":[{"start":{"line":15,"column":63},"end":{"line":15,"column":71}}]},"11":{"type":"branch","line":16,"loc":{"start":{"line":16,"column":20},"end":{"line":16,"column":47}},"locations":[{"start":{"line":16,"column":20},"end":{"line":16,"column":47}}]},"12":{"type":"branch","line":17,"loc":{"start":{"line":17,"column":20},"end":{"line":17,"column":38}},"locations":[{"start":{"line":17,"column":20},"end":{"line":17,"column":38}}]},"13":{"type":"branch","line":18,"loc":{"start":{"line":18,"column":24},"end":{"line":18,"column":43}},"locations":[{"start":{"line":18,"column":24},"end":{"line":18,"column":43}}]},"14":{"type":"branch","line":14,"loc":{"start":{"line":14,"column":42},"end":{"line":14,"column":66}},"locations":[{"start":{"line":14,"column":42},"end":{"line":14,"column":66}}]},"15":{"type":"branch","line":15,"loc":{"start":{"line":15,"column":39},"end":{"line":15,"column":63}},"locations":[{"start":{"line":15,"column":39},"end":{"line":15,"column":63}}]}},"b":{"0":[15],"1":[17],"2":[5],"3":[16],"4":[12],"5":[15],"6":[16],"7":[6],"8":[11],"9":[4],"10":[13],"11":[16],"12":[16],"13":[10],"14":[7],"15":[6]},"fnMap":{"0":{"name":"formatBooks","decl":{"start":{"line":6,"column":7},"end":{"line":20,"column":1}},"loc":{"start":{"line":6,"column":7},"end":{"line":20,"column":1}},"line":6}},"f":{"0":15}}
,"C:\\Users\\chokd\\Documents\\P3\\wonderbook pour aws\\WonderBook\\src\\utils\\helpers.jsx": {"path":"C:\\Users\\chokd\\Documents\\P3\\wonderbook pour aws\\WonderBook\\src\\utils\\helpers.jsx","all":false,"statementMap":{"1":{"start":{"line":2,"column":0},"end":{"line":2,"column":65}},"2":{"start":{"line":3,"column":0},"end":{"line":3,"column":59}},"3":{"start":{"line":4,"column":0},"end":{"line":4,"column":76}},"6":{"start":{"line":7,"column":0},"end":{"line":7,"column":38}},"7":{"start":{"line":8,"column":0},"end":{"line":8,"column":46}},"8":{"start":{"line":9,"column":0},"end":{"line":9,"column":20}},"9":{"start":{"line":10,"column":0},"end":{"line":10,"column":13}},"10":{"start":{"line":11,"column":0},"end":{"line":11,"column":19}},"11":{"start":{"line":12,"column":0},"end":{"line":12,"column":69}},"12":{"start":{"line":13,"column":0},"end":{"line":13,"column":6}},"13":{"start":{"line":14,"column":0},"end":{"line":14,"column":5}},"14":{"start":{"line":15,"column":0},"end":{"line":15,"column":1}},"17":{"start":{"line":18,"column":0},"end":{"line":18,"column":37}},"18":{"start":{"line":19,"column":0},"end":{"line":19,"column":12}},"19":{"start":{"line":20,"column":0},"end":{"line":20,"column":18}},"20":{"start":{"line":21,"column":0},"end":{"line":21,"column":21}},"21":{"start":{"line":22,"column":0},"end":{"line":22,"column":47}},"22":{"start":{"line":23,"column":0},"end":{"line":23,"column":41}},"23":{"start":{"line":24,"column":0},"end":{"line":24,"column":83}},"24":{"start":{"line":25,"column":0},"end":{"line":25,"column":63}},"25":{"start":{"line":26,"column":0},"end":{"line":26,"column":12}},"26":{"start":{"line":27,"column":0},"end":{"line":27,"column":1}},"29":{"start":{"line":30,"column":0},"end":{"line":30,"column":38}},"30":{"start":{"line":31,"column":0},"end":{"line":31,"column":86}},"31":{"start":{"line":32,"column":0},"end":{"line":32,"column":1}},"34":{"start":{"line":35,"column":0},"end":{"line":35,"column":73}},"35":{"start":{"line":36,"column":0},"end":{"line":36,"column":46}},"36":{"start":{"line":37,"column":0},"end":{"line":37,"column":24}},"37":{"start":{"line":38,"column":0},"end":{"line":38,"column":18}},"38":{"start":{"line":39,"column":0},"end":{"line":39,"column":22}},"39":{"start":{"line":40,"column":0},"end":{"line":40,"column":21}},"40":{"start":{"line":41,"column":0},"end":{"line":41,"column":76}},"41":{"start":{"line":42,"column":0},"end":{"line":42,"column":8}},"43":{"start":{"line":44,"column":0},"end":{"line":44,"column":23}},"44":{"start":{"line":45,"column":0},"end":{"line":45,"column":37}},"46":{"start":{"line":47,"column":0},"end":{"line":47,"column":52}},"47":{"start":{"line":48,"column":0},"end":{"line":48,"column":14}},"48":{"start":{"line":49,"column":0},"end":{"line":49,"column":90}},"49":{"start":{"line":50,"column":0},"end":{"line":50,"column":14}},"51":{"start":{"line":52,"column":0},"end":{"line":52,"column":5}},"52":{"start":{"line":53,"column":0},"end":{"line":53,"column":1}},"55":{"start":{"line":56,"column":0},"end":{"line":56,"column":37}},"56":{"start":{"line":57,"column":0},"end":{"line":57,"column":50}},"57":{"start":{"line":58,"column":0},"end":{"line":58,"column":1}}},"s":{"1":1,"2":1,"3":1,"6":1,"7":24,"8":120,"9":120,"10":120,"11":120,"12":120,"13":24,"14":24,"17":1,"18":20,"19":20,"20":20,"21":20,"22":20,"23":20,"24":20,"25":20,"26":20,"29":1,"30":17,"31":17,"34":1,"35":7,"36":35,"37":35,"38":35,"39":35,"40":35,"41":35,"43":35,"44":25,"46":10,"47":10,"48":10,"49":10,"51":7,"52":7,"55":1,"56":29,"57":29},"branchMap":{"0":{"type":"branch","line":7,"loc":{"start":{"line":7,"column":7},"end":{"line":15,"column":1}},"locations":[{"start":{"line":7,"column":7},"end":{"line":15,"column":1}}]},"1":{"type":"branch","line":8,"loc":{"start":{"line":8,"column":35},"end":{"line":13,"column":6}},"locations":[{"start":{"line":8,"column":35},"end":{"line":13,"column":6}}]},"2":{"type":"branch","line":12,"loc":{"start":{"line":12,"column":38},"end":{"line":12,"column":56}},"locations":[{"start":{"line":12,"column":38},"end":{"line":12,"column":56}}]},"3":{"type":"branch","line":12,"loc":{"start":{"line":12,"column":49},"end":{"line":12,"column":69}},"locations":[{"start":{"line":12,"column":49},"end":{"line":12,"column":69}}]},"4":{"type":"branch","line":18,"loc":{"start":{"line":18,"column":7},"end":{"line":27,"column":1}},"locations":[{"start":{"line":18,"column":7},"end":{"line":27,"column":1}}]},"5":{"type":"branch","line":30,"loc":{"start":{"line":30,"column":7},"end":{"line":32,"column":1}},"locations":[{"start":{"line":30,"column":7},"end":{"line":32,"column":1}}]},"6":{"type":"branch","line":31,"loc":{"start":{"line":31,"column":56},"end":{"line":31,"column":84}},"locations":[{"start":{"line":31,"column":56},"end":{"line":31,"column":84}}]},"7":{"type":"branch","line":35,"loc":{"start":{"line":35,"column":7},"end":{"line":53,"column":1}},"locations":[{"start":{"line":35,"column":7},"end":{"line":53,"column":1}}]},"8":{"type":"branch","line":36,"loc":{"start":{"line":36,"column":35},"end":{"line":52,"column":3}},"locations":[{"start":{"line":36,"column":35},"end":{"line":52,"column":3}}]},"9":{"type":"branch","line":41,"loc":{"start":{"line":41,"column":45},"end":{"line":41,"column":63}},"locations":[{"start":{"line":41,"column":45},"end":{"line":41,"column":63}}]},"10":{"type":"branch","line":41,"loc":{"start":{"line":41,"column":56},"end":{"line":41,"column":76}},"locations":[{"start":{"line":41,"column":56},"end":{"line":41,"column":76}}]},"11":{"type":"branch","line":44,"loc":{"start":{"line":44,"column":11},"end":{"line":45,"column":37}},"locations":[{"start":{"line":44,"column":11},"end":{"line":45,"column":37}}]},"12":{"type":"branch","line":45,"loc":{"start":{"line":45,"column":30},"end":{"line":50,"column":14}},"locations":[{"start":{"line":45,"column":30},"end":{"line":50,"column":14}}]},"13":{"type":"branch","line":56,"loc":{"start":{"line":56,"column":7},"end":{"line":58,"column":1}},"locations":[{"start":{"line":56,"column":7},"end":{"line":58,"column":1}}]},"14":{"type":"branch","line":57,"loc":{"start":{"line":57,"column":9},"end":{"line":57,"column":24}},"locations":[{"start":{"line":57,"column":9},"end":{"line":57,"column":24}}]},"15":{"type":"branch","line":57,"loc":{"start":{"line":57,"column":29},"end":{"line":57,"column":50}},"locations":[{"start":{"line":57,"column":29},"end":{"line":57,"column":50}}]}},"b":{"0":[24],"1":[120],"2":[32],"3":[88],"4":[20],"5":[17],"6":[34],"7":[7],"8":[35],"9":[20],"10":[15],"11":[25],"12":[10],"13":[29],"14":[26],"15":[4]},"fnMap":{"0":{"name":"displayStars","decl":{"start":{"line":7,"column":7},"end":{"line":15,"column":1}},"loc":{"start":{"line":7,"column":7},"end":{"line":15,"column":1}},"line":7},"1":{"name":"normalize","decl":{"start":{"line":18,"column":7},"end":{"line":27,"column":1}},"loc":{"start":{"line":18,"column":7},"end":{"line":27,"column":1}},"line":18},"2":{"name":"capitalize","decl":{"start":{"line":30,"column":7},"end":{"line":32,"column":1}},"loc":{"start":{"line":30,"column":7},"end":{"line":32,"column":1}},"line":30},"3":{"name":"generateStarsInputs","decl":{"start":{"line":35,"column":7},"end":{"line":53,"column":1}},"loc":{"start":{"line":35,"column":7},"end":{"line":53,"column":1}},"line":35},"4":{"name":"formatDate","decl":{"start":{"line":56,"column":7},"end":{"line":58,"column":1}},"loc":{"start":{"line":56,"column":7},"end":{"line":58,"column":1}},"line":56}},"f":{"0":24,"1":20,"2":17,"3":7,"4":29}}
,"C:\\Users\\chokd\\Documents\\P3\\wonderbook pour aws\\WonderBook\\src\\utils\\localStorage.jsx": {"path":"C:\\Users\\chokd\\Documents\\P3\\wonderbook pour aws\\WonderBook\\src\\utils\\localStorage.jsx","all":false,"statementMap":{"2":{"start":{"line":3,"column":0},"end":{"line":3,"column":49}},"3":{"start":{"line":4,"column":0},"end":{"line":4,"column":34}},"4":{"start":{"line":5,"column":0},"end":{"line":5,"column":61}},"5":{"start":{"line":6,"column":0},"end":{"line":6,"column":3}},"6":{"start":{"line":7,"column":0},"end":{"line":7,"column":35}},"7":{"start":{"line":8,"column":0},"end":{"line":8,"column":1}},"9":{"start":{"line":10,"column":0},"end":{"line":10,"column":42}},"10":{"start":{"line":11,"column":0},"end":{"line":11,"column":42}},"11":{"start":{"line":12,"column":0},"end":{"line":12,"column":7}},"12":{"start":{"line":13,"column":0},"end":{"line":13,"column":67}},"13":{"start":{"line":14,"column":0},"end":{"line":14,"column":11}},"14":{"start":{"line":15,"column":0},"end":{"line":15,"column":17}},"15":{"start":{"line":16,"column":0},"end":{"line":16,"column":3}},"16":{"start":{"line":17,"column":0},"end":{"line":17,"column":1}},"18":{"start":{"line":19,"column":0},"end":{"line":19,"column":45}},"19":{"start":{"line":20,"column":0},"end":{"line":20,"column":31}},"20":{"start":{"line":21,"column":0},"end":{"line":21,"column":1}},"22":{"start":{"line":23,"column":0},"end":{"line":23,"column":37}},"23":{"start":{"line":24,"column":0},"end":{"line":24,"column":23}},"24":{"start":{"line":25,"column":0},"end":{"line":25,"column":1}}},"s":{"2":1,"3":19,"4":11,"5":11,"6":19,"7":19,"9":1,"10":24,"11":24,"12":24,"13":24,"14":5,"15":5,"16":24,"18":1,"19":5,"20":5,"22":1,"23":3,"24":3},"branchMap":{"0":{"type":"branch","line":3,"loc":{"start":{"line":3,"column":7},"end":{"line":8,"column":1}},"locations":[{"start":{"line":3,"column":7},"end":{"line":8,"column":1}}]},"1":{"type":"branch","line":4,"loc":{"start":{"line":4,"column":33},"end":{"line":6,"column":3}},"locations":[{"start":{"line":4,"column":33},"end":{"line":6,"column":3}}]},"2":{"type":"branch","line":10,"loc":{"start":{"line":10,"column":7},"end":{"line":17,"column":1}},"locations":[{"start":{"line":10,"column":7},"end":{"line":17,"column":1}}]},"3":{"type":"branch","line":14,"loc":{"start":{"line":14,"column":2},"end":{"line":16,"column":3}},"locations":[{"start":{"line":14,"column":2},"end":{"line":16,"column":3}}]},"4":{"type":"branch","line":19,"loc":{"start":{"line":19,"column":7},"end":{"line":21,"column":1}},"locations":[{"start":{"line":19,"column":7},"end":{"line":21,"column":1}}]},"5":{"type":"branch","line":23,"loc":{"start":{"line":23,"column":7},"end":{"line":25,"column":1}},"locations":[{"start":{"line":23,"column":7},"end":{"line":25,"column":1}}]}},"b":{"0":[19],"1":[11],"2":[24],"3":[5],"4":[5],"5":[3]},"fnMap":{"0":{"name":"storeInLocalStorage","decl":{"start":{"line":3,"column":7},"end":{"line":8,"column":1}},"loc":{"start":{"line":3,"column":7},"end":{"line":8,"column":1}},"line":3},"1":{"name":"getFromLocalStorage","decl":{"start":{"line":10,"column":7},"end":{"line":17,"column":1}},"loc":{"start":{"line":10,"column":7},"end":{"line":17,"column":1}},"line":10},"2":{"name":"removeFromLocalStorage","decl":{"start":{"line":19,"column":7},"end":{"line":21,"column":1}},"loc":{"start":{"line":19,"column":7},"end":{"line":21,"column":1}},"line":19},"3":{"name":"clearLocalStorage","decl":{"start":{"line":23,"column":7},"end":{"line":25,"column":1}},"loc":{"start":{"line":23,"column":7},"end":{"line":25,"column":1}},"line":23}},"f":{"0":19,"1":24,"2":5,"3":3}}
}
